[ +672 ms] Artifact Instance of 'MaterialFonts' is not required, skipping update.
[  +10 ms] Artifact Instance of 'GradleWrapper' is not required, skipping update.
[        ] Artifact Instance of 'AndroidGenSnapshotArtifacts' is not required, skipping update.
[        ] Artifact Instance of 'AndroidInternalBuildArtifacts' is not required, skipping update.
[        ] Artifact Instance of 'IOSEngineArtifacts' is not required, skipping update.
[        ] Artifact Instance of 'FlutterWebSdk' is not required, skipping update.
[   +3 ms] Artifact Instance of 'LegacyCanvasKitRemover' is not required, skipping update.
[        ] Artifact Instance of 'FlutterSdk' is not required, skipping update.
[        ] Artifact Instance of 'WindowsEngineArtifacts' is not required, skipping update.
[        ] Artifact Instance of 'MacOSEngineArtifacts' is not required, skipping update.
[        ] Artifact Instance of 'LinuxEngineArtifacts' is not required, skipping update.
[        ] Artifact Instance of 'LinuxFuchsiaSDKArtifacts' is not required, skipping update.
[        ] Artifact Instance of 'MacOSFuchsiaSDKArtifacts' is not required, skipping update.
[        ] Artifact Instance of 'FlutterRunnerSDKArtifacts' is not required, skipping update.
[        ] Artifact Instance of 'FlutterRunnerDebugSymbols' is not required, skipping update.
[        ] Artifact Instance of 'IosUsbArtifacts' is not required, skipping update.
[        ] Artifact Instance of 'IosUsbArtifacts' is not required, skipping update.
[        ] Artifact Instance of 'IosUsbArtifacts' is not required, skipping update.
[        ] Artifact Instance of 'IosUsbArtifacts' is not required, skipping update.
[   +1 ms] Artifact Instance of 'IosUsbArtifacts' is not required, skipping update.
[        ] Artifact Instance of 'IosUsbArtifacts' is not required, skipping update.
[        ] Artifact Instance of 'FontSubsetArtifacts' is not required, skipping update.
[        ] Artifact Instance of 'PubDependencies' is not required, skipping update.
[ +295 ms] Artifact Instance of 'AndroidGenSnapshotArtifacts' is not required, skipping update.
[   +1 ms] Artifact Instance of 'AndroidInternalBuildArtifacts' is not required, skipping update.
[        ] Artifact Instance of 'IOSEngineArtifacts' is not required, skipping update.
[        ] Artifact Instance of 'FlutterWebSdk' is not required, skipping update.
[        ] Artifact Instance of 'FlutterEngineStamp' is not required, skipping update.
[        ] Artifact Instance of 'LegacyCanvasKitRemover' is not required, skipping update.
[   +7 ms] Artifact Instance of 'WindowsEngineArtifacts' is not required, skipping update.
[        ] Artifact Instance of 'MacOSEngineArtifacts' is not required, skipping update.
[        ] Artifact Instance of 'LinuxEngineArtifacts' is not required, skipping update.
[        ] Artifact Instance of 'LinuxFuchsiaSDKArtifacts' is not required, skipping update.
[        ] Artifact Instance of 'MacOSFuchsiaSDKArtifacts' is not required, skipping update.
[        ] Artifact Instance of 'FlutterRunnerSDKArtifacts' is not required, skipping update.
[        ] Artifact Instance of 'FlutterRunnerDebugSymbols' is not required, skipping update.
[ +207 ms] executing: C:\Users\USER\AppData\Local\Android\sdk\platform-tools\adb.exe devices -l
[ +135 ms] List of devices attached
           emulator-5554          device product:sdk_gphone64_x86_64 model:sdk_gphone64_x86_64 device:emu64xa transport_id:2
[  +10 ms] C:\Users\USER\AppData\Local\Android\sdk\platform-tools\adb.exe -s emulator-5554 shell getprop
[ +149 ms] Artifact Instance of 'AndroidInternalBuildArtifacts' is not required, skipping update.
[        ] Artifact Instance of 'IOSEngineArtifacts' is not required, skipping update.
[        ] Artifact Instance of 'FlutterWebSdk' is not required, skipping update.
[        ] Artifact Instance of 'FlutterEngineStamp' is not required, skipping update.
[        ] Artifact Instance of 'LegacyCanvasKitRemover' is not required, skipping update.
[   +3 ms] Artifact Instance of 'WindowsEngineArtifacts' is not required, skipping update.
[        ] Artifact Instance of 'MacOSEngineArtifacts' is not required, skipping update.
[        ] Artifact Instance of 'LinuxEngineArtifacts' is not required, skipping update.
[        ] Artifact Instance of 'LinuxFuchsiaSDKArtifacts' is not required, skipping update.
[        ] Artifact Instance of 'MacOSFuchsiaSDKArtifacts' is not required, skipping update.
[        ] Artifact Instance of 'FlutterRunnerSDKArtifacts' is not required, skipping update.
[        ] Artifact Instance of 'FlutterRunnerDebugSymbols' is not required, skipping update.
[ +244 ms] Skipping pub get: version match.
[ +328 ms] Skipping generating web_plugin_registrant.dart because it is up-to-date.
[ +124 ms] Generating C:\Users\USER\Desktop\my_app\android\app\src\main\java\io\flutter\plugins\GeneratedPluginRegistrant.java
[   +8 ms] Skipping generating GeneratedPluginRegistrant.java because it is up-to-date.
[  +11 ms] Skipping generating generated_plugin_registrant.h because it is up-to-date.
[   +3 ms] Skipping generating generated_plugin_registrant.cc because it is up-to-date.
[   +3 ms] Skipping generating generated_plugins.cmake because it is up-to-date.
[   +5 ms] Skipping generating generated_plugin_registrant.h because it is up-to-date.
[   +8 ms] Skipping generating generated_plugin_registrant.cc because it is up-to-date.
[   +5 ms] Skipping generating generated_plugins.cmake because it is up-to-date.
[   +3 ms] Skipping generating GeneratedPluginRegistrant.h because it is up-to-date.
[   +4 ms] Skipping generating GeneratedPluginRegistrant.m because it is up-to-date.
[   +1 ms] Skipping generating GeneratedPluginRegistrant.swift because it is up-to-date.
[ +235 ms] ro.hardware = ranchu
[ +212 ms] Initializing file store
[  +26 ms] Skipping target: gen_localizations
[   +6 ms] gen_dart_plugin_registrant: Starting due to {InvalidatedReasonKind.inputChanged: The following inputs have updated contents: C:\Users\USER\Desktop\my_app\.dart_tool\package_config.json}
[ +322 ms] gen_dart_plugin_registrant: Complete
[   +7 ms] Skipping target: _composite
[   +4 ms] complete
[  +14 ms] Launching lib\main.dart on sdk gphone64 x86 64 in debug mode...
[   +7 ms] C:\src\flutter\bin\cache\dart-sdk\bin\dartaotruntime.exe C:\src\flutter\bin\cache\dart-sdk\bin\snapshots\frontend_server_aot.dart.snapshot --sdk-root C:\src\flutter\bin\cache\artifacts\engine\common\flutter_patched_sdk/ --incremental --target=flutter --experimental-emit-debug-metadata -DFLUTTER_VERSION=3.35.5 -DFLUTTER_CHANNEL=stable -DFLUTTER_GIT_URL=https://github.com/flutter/flutter.git -DFLUTTER_FRAMEWORK_REVISION=ac4e799d23 -DFLUTTER_ENGINE_REVISION=d3d45dcf25 -DFLUTTER_DART_VERSION=3.9.2 --output-dill C:\Users\USER\AppData\Local\Temp\flutter_tools.5690ea1f\flutter_tool.76e3f7f9\app.dill --packages C:\Users\USER\Desktop\my_app\.dart_tool\package_config.json -Ddart.vm.profile=false -Ddart.vm.product=false --enable-asserts --track-widget-creation --filesystem-scheme org-dartlang-root --initialize-from-dill build\210bad4901163cba762d02a4a1c86c00.cache.dill.track.dill --verbosity=error --enable-experiment=alternative-invalidation-strategy
[  +16 ms] executing: C:\Users\USER\AppData\Local\Android\sdk\build-tools\36.0.0\aapt dump xmltree C:\Users\USER\Desktop\my_app\build\app\outputs\flutter-apk\app-debug.apk AndroidManifest.xml
[  +91 ms] Exit code 0 from: C:\Users\USER\AppData\Local\Android\sdk\build-tools\36.0.0\aapt dump xmltree C:\Users\USER\Desktop\my_app\build\app\outputs\flutter-apk\app-debug.apk AndroidManifest.xml
[        ] N: android=http://schemas.android.com/apk/res/android
             E: manifest (line=2)
               A: android:versionCode(0x0101021b)=(type 0x10)0x1
               A: android:versionName(0x0101021c)="1.0.0" (Raw: "1.0.0")
               A: android:compileSdkVersion(0x01010572)=(type 0x10)0x24
               A: android:compileSdkVersionCodename(0x01010573)="16" (Raw: "16")
               A: package="com.example.my_app" (Raw: "com.example.my_app")
               A: platformBuildVersionCode=(type 0x10)0x24
               A: platformBuildVersionName=(type 0x10)0x10
               E: uses-sdk (line=7)
                 A: android:minSdkVersion(0x0101020c)=(type 0x10)0x18
                 A: android:targetSdkVersion(0x01010270)=(type 0x10)0x24
               E: uses-permission (line=15)
                 A: android:name(0x01010003)="android.permission.INTERNET" (Raw: "android.permission.INTERNET")
               E: queries (line=23)
                 E: intent (line=24)
                   E: action (line=25)
                     A: android:name(0x01010003)="android.intent.action.PROCESS_TEXT" (Raw: "android.intent.action.PROCESS_TEXT")
                   E: data (line=27)
                     A: android:mimeType(0x01010026)="text/plain" (Raw: "text/plain")
               E: permission (line=31)
                 A: android:name(0x01010003)="com.example.my_app.DYNAMIC_RECEIVER_NOT_EXPORTED_PERMISSION" (Raw: "com.example.my_app.DYNAMIC_RECEIVER_NOT_EXPORTED_PERMISSION")
                 A: android:protectionLevel(0x01010009)=(type 0x11)0x2
               E: uses-permission (line=35)
                 A: android:name(0x01010003)="com.example.my_app.DYNAMIC_RECEIVER_NOT_EXPORTED_PERMISSION" (Raw: "com.example.my_app.DYNAMIC_RECEIVER_NOT_EXPORTED_PERMISSION")
               E: application (line=37)
                 A: android:label(0x01010001)="my_app" (Raw: "my_app")
                 A: android:icon(0x01010002)=@0x7f0a0000
                 A: android:name(0x01010003)="android.app.Application" (Raw: "android.app.Application")
                 A: android:debuggable(0x0101000f)=(type 0x12)0xffffffff
                 A: android:extractNativeLibs(0x010104ea)=(type 0x12)0x0
                 A: android:appComponentFactory(0x0101057a)="androidx.core.app.CoreComponentFactory" (Raw: "androidx.core.app.CoreComponentFactory")
                 E: activity (line=44)
                   A: android:theme(0x01010000)=@0x7f0c0000
                   A: android:name(0x01010003)="com.example.my_app.MainActivity" (Raw: "com.example.my_app.MainActivity")
                   A: android:exported(0x01010010)=(type 0x12)0xffffffff
                   A: android:taskAffinity(0x01010012)="" (Raw: "")
                   A: android:launchMode(0x0101001d)=(type 0x10)0x1
                   A: android:configChanges(0x0101001f)=(type 0x11)0x40003fb4
                   A: android:windowSoftInputMode(0x0101022b)=(type 0x11)0x10
                   A: android:hardwareAccelerated(0x010102d3)=(type 0x12)0xffffffff
                   E: meta-data (line=60)
                     A: android:name(0x01010003)="io.flutter.embedding.android.NormalTheme" (Raw: "io.flutter.embedding.android.NormalTheme")
                     A: android:resource(0x01010025)=@0x7f0c0001
                   E: intent-filter (line=64)
                     E: action (line=65)
                       A: android:name(0x01010003)="android.intent.action.MAIN" (Raw: "android.intent.action.MAIN")
                     E: category (line=67)
                       A: android:name(0x01010003)="android.intent.category.LAUNCHER" (Raw: "android.intent.category.LAUNCHER")
                 E: meta-data (line=74)
                   A: android:name(0x01010003)="flutterEmbedding" (Raw: "flutterEmbedding")
                   A: android:value(0x01010024)=(type 0x10)0x2
                 E: uses-library (line=78)
                   A: android:name(0x01010003)="androidx.window.extensions" (Raw: "androidx.window.extensions")
                   A: android:required(0x0101028e)=(type 0x12)0x0
                 E: uses-library (line=81)
                   A: android:name(0x01010003)="androidx.window.sidecar" (Raw: "androidx.window.sidecar")
                   A: android:required(0x0101028e)=(type 0x12)0x0
                 E: provider (line=85)
                   A: android:name(0x01010003)="androidx.startup.InitializationProvider" (Raw: "androidx.startup.InitializationProvider")
                   A: android:exported(0x01010010)=(type 0x12)0x0
                   A: android:authorities(0x01010018)="com.example.my_app.androidx-startup" (Raw: "com.example.my_app.androidx-startup")
                   E: meta-data (line=89)
                     A: android:name(0x01010003)="androidx.lifecycle.ProcessLifecycleInitializer" (Raw: "androidx.lifecycle.ProcessLifecycleInitializer")
                     A: android:value(0x01010024)="androidx.startup" (Raw: "androidx.startup")
                   E: meta-data (line=92)
                     A: android:name(0x01010003)="androidx.profileinstaller.ProfileInstallerInitializer" (Raw: "androidx.profileinstaller.ProfileInstallerInitializer")
                     A: android:value(0x01010024)="androidx.startup" (Raw: "androidx.startup")
                 E: receiver (line=97)
                   A: android:name(0x01010003)="androidx.profileinstaller.ProfileInstallReceiver" (Raw: "androidx.profileinstaller.ProfileInstallReceiver")
                   A: android:permission(0x01010006)="android.permission.DUMP" (Raw: "android.permission.DUMP")
                   A: android:enabled(0x0101000e)=(type 0x12)0xffffffff
                   A: android:exported(0x01010010)=(type 0x12)0xffffffff
                   A: android:directBootAware(0x01010505)=(type 0x12)0x0
                   E: intent-filter (line=103)
                     E: action (line=104)
                       A: android:name(0x01010003)="androidx.profileinstaller.action.INSTALL_PROFILE" (Raw: "androidx.profileinstaller.action.INSTALL_PROFILE")
                   E: intent-filter (line=106)
                     E: action (line=107)
                       A: android:name(0x01010003)="androidx.profileinstaller.action.SKIP_FILE" (Raw: "androidx.profileinstaller.action.SKIP_FILE")
                   E: intent-filter (line=109)
                     E: action (line=110)
                       A: android:name(0x01010003)="androidx.profileinstaller.action.SAVE_PROFILE" (Raw: "androidx.profileinstaller.action.SAVE_PROFILE")
                   E: intent-filter (line=112)
                     E: action (line=113)
                       A: android:name(0x01010003)="androidx.profileinstaller.action.BENCHMARK_OPERATION" (Raw: "androidx.profileinstaller.action.BENCHMARK_OPERATION")
[  +15 ms] executing: C:\Users\USER\AppData\Local\Android\sdk\platform-tools\adb.exe -s emulator-5554 shell -x logcat -v time -t 1
[  +27 ms] <- compile package:my_app/main.dart
[ +156 ms] --------- beginning of main
           11-20 07:25:34.840 I/bbax    ( 1532): (REDACTED) getHotwordActive::active query: %s, watch: %s, devices connected: %s
[  +27 ms] executing: C:\Users\USER\AppData\Local\Android\sdk\platform-tools\adb.exe version
[ +139 ms] Android Debug Bridge version 1.0.41
           Version 35.0.2-12147458
           Installed as C:\Users\USER\AppData\Local\Android\sdk\platform-tools\adb.exe
           Running on Windows 10.0.26100
[   +4 ms] executing: C:\Users\USER\AppData\Local\Android\sdk\platform-tools\adb.exe start-server
[ +111 ms] Building APK
[  +21 ms] executing: C:\Program Files\Android\Android Studio1\jbr\bin\java -version
[ +386 ms] Exit code 0 from: C:\Program Files\Android\Android Studio1\jbr\bin\java -version
[        ] openjdk version "21.0.6" 2025-01-21
           OpenJDK Runtime Environment (build 21.0.6+-13368085-b895.109)
           OpenJDK 64-Bit Server VM (build 21.0.6+-13368085-b895.109, mixed mode)
[   +3 ms] executing: C:\Program Files\Android\Android Studio1\jbr\bin\java -version
[ +632 ms] Exit code 0 from: C:\Program Files\Android\Android Studio1\jbr\bin\java -version
[        ] openjdk version "21.0.6" 2025-01-21
           OpenJDK Runtime Environment (build 21.0.6+-13368085-b895.109)
           OpenJDK 64-Bit Server VM (build 21.0.6+-13368085-b895.109, mixed mode)
[  +25 ms] Top-level Gradle build file not found, skipping migration of task "clean".
[   +6 ms] executing: C:\Program Files\Android\Android Studio1\jbr\bin\java --version
[ +367 ms] Exit code 0 from: C:\Program Files\Android\Android Studio1\jbr\bin\java --version
[        ] openjdk 21.0.6 2025-01-21
           OpenJDK Runtime Environment (build 21.0.6+-13368085-b895.109)
           OpenJDK 64-Bit Server VM (build 21.0.6+-13368085-b895.109, mixed mode)
[   +4 ms] Version of Java is different than impacted version, no migration attempted.
[  +29 ms] CMake project not found, skipping support Android 15 16k page size migration.
[  +17 ms] Using gradle from C:\Users\USER\Desktop\my_app\android\gradlew.bat.
[ +111 ms] LocalFile: 'C:\Users\USER\Desktop\my_app\android\build.gradle.kts' doesn't provide an AGP version. Checking settings.
[  +20 ms] LocalFile: 'C:\Users\USER\Desktop\my_app\android\settings.gradle.kts' provides AGP version: 8.9.1
[  +76 ms] Running Gradle task 'assembleDebug'...
[   +3 ms] executing: [C:\Users\USER\Desktop\my_app\android/] C:\Users\USER\Desktop\my_app\android\gradlew.bat --full-stacktrace --info -Pverbose=true -Ptarget-platform=android-x64 -Ptarget=C:\Users\USER\Desktop\my_app\lib\main.dart -Pbase-application-name=android.app.Application -Pdart-defines=RkxVVFRFUl9WRVJTSU9OPTMuMzUuNQ==,RkxVVFRFUl9DSEFOTkVMPXN0YWJsZQ==,RkxVVFRFUl9HSVRfVVJMPWh0dHBzOi8vZ2l0aHViLmNvbS9mbHV0dGVyL2ZsdXR0ZXIuZ2l0,RkxVVFRFUl9GUkFNRVdPUktfUkVWSVNJT049YWM0ZTc5OWQyMw==,RkxVVFRFUl9FTkdJTkVfUkVWSVNJT049ZDNkNDVkY2YyNQ==,RkxVVFRFUl9EQVJUX1ZFUlNJT049My45LjI= -Pdart-obfuscation=false -Ptrack-widget-creation=true -Ptree-shake-icons=false -Pfilesystem-scheme=org-dartlang-root assembleDebug
[+2153 ms] Initialized native services in: C:\Users\USER\.gradle\native
[   +1 ms] Initialized jansi services in: C:\Users\USER\.gradle\native
[ +927 ms] The client will now receive all logging from the daemon (pid: 13644). The daemon log file: C:\Users\USER\.gradle\daemon\8.12\daemon-13644.out.log
[   +1 ms] Starting 4th build in daemon [uptime: 53 mins 3.995 secs, performance: 100%, GC rate: 0.00/s, heap usage: 0% of 8 GiB, non-heap usage: 3% of 4 GiB]
[        ] Using 16 worker leases.
[  +94 ms] Now considering [C:\Users\USER\Desktop\my_app\android, C:\src\flutter\packages\flutter_tools\gradle] as hierarchies to watch
[        ] Watching the file system is configured to be enabled if available
[        ] File system watching is active
[        ] Starting Build
[        ] Now considering [C:\src\flutter\packages\flutter_tools\gradle, C:\Users\USER\Desktop\my_app\android] as hierarchies to watch
[ +401 ms] > Configure project :gradle
[        ] Evaluating project ':gradle' using build file 'C:\src\flutter\packages\flutter_tools\gradle\build.gradle.kts'.
[        ] Resolved plugin [id: 'org.gradle.java-gradle-plugin']
[        ] Resolved plugin [id: 'org.gradle.groovy']
[        ] Resolved plugin [id: 'org.gradle.kotlin.kotlin-dsl', version: '5.1.2']
[        ] Resolved plugin [id: 'org.jetbrains.kotlin.jvm', version: '1.9.20']
[        ] Using Kotlin Gradle Plugin gradle85 variant
[        ] kotlin scripting plugin: created the scripting discovery configuration: kotlinScriptDef
[        ] kotlin scripting plugin: created the scripting discovery configuration: testKotlinScriptDef
[        ] file or directory 'C:\src\flutter\packages\flutter_tools\gradle\src\main\java', not found
[        ] Resolved plugin [id: 'dev.flutter.flutter-plugin-loader', version: '1.0.0']
[        ] Resolved plugin [id: 'com.android.application', version: '8.9.1', apply: false]
[  +85 ms] Resolved plugin [id: 'org.jetbrains.kotlin.android', version: '2.1.0', apply: false]
[        ] Resolve mutations for :gradle:checkKotlinGradlePluginConfigurationErrors (Thread[#708,Execution worker,5,main]) started.
[        ] :gradle:checkKotlinGradlePluginConfigurationErrors (Thread[#709,Execution worker Thread 2,5,main]) started.
[        ] > Task :gradle:checkKotlinGradlePluginConfigurationErrors SKIPPED
[        ] Skipping task ':gradle:checkKotlinGradlePluginConfigurationErrors' as task onlyIf 'errorDiagnostics are present' is false.
[        ] Resolve mutations for :gradle:compileKotlin (Thread[#709,Execution worker Thread 2,5,main]) started.
[        ] :gradle:compileKotlin (Thread[#709,Execution worker Thread 2,5,main]) started.
[ +199 ms] > Task :gradle:compileKotlin UP-TO-DATE
[        ] Caching disabled for task ':gradle:compileKotlin' because:
[        ]   Build cache is disabled
[        ] Skipping task ':gradle:compileKotlin' as it is up-to-date.
[        ] Resolve mutations for :gradle:compileJava (Thread[#709,Execution worker Thread 2,5,main]) started.
[        ] :gradle:compileJava (Thread[#709,Execution worker Thread 2,5,main]) started.
[   +6 ms] > Task :gradle:compileJava NO-SOURCE
[   +1 ms] Skipping task ':gradle:compileJava' as it has no source files and no previous output files.
[   +4 ms] Resolve mutations for :gradle:compileGroovy (Thread[#709,Execution worker Thread 2,5,main]) started.
[        ] :gradle:compileGroovy (Thread[#709,Execution worker Thread 2,5,main]) started.
[        ] > Task :gradle:compileGroovy NO-SOURCE
[        ] Skipping task ':gradle:compileGroovy' as it has no source files and no previous output files.
[        ] Resolve mutations for :gradle:pluginDescriptors (Thread[#719,Execution worker Thread 12,5,main]) started.
[   +1 ms] :gradle:pluginDescriptors (Thread[#719,Execution worker Thread 12,5,main]) started.
[        ] > Task :gradle:pluginDescriptors UP-TO-DATE
[        ] Caching disabled for task ':gradle:pluginDescriptors' because:
[        ]   Build cache is disabled
[        ]   Not worth caching
[        ] Skipping task ':gradle:pluginDescriptors' as it is up-to-date.
[        ] Resolve mutations for :gradle:processResources (Thread[#719,Execution worker Thread 12,5,main]) started.
[   +3 ms] :gradle:processResources (Thread[#719,Execution worker Thread 12,5,main]) started.
[        ] > Task :gradle:processResources UP-TO-DATE
[        ] Caching disabled for task ':gradle:processResources' because:
[        ]   Build cache is disabled
[   +1 ms]   Not worth caching
[   +2 ms] Skipping task ':gradle:processResources' as it is up-to-date.
[   +4 ms] Resolve mutations for :gradle:classes (Thread[#719,Execution worker Thread 12,5,main]) started.
[   +5 ms] :gradle:classes (Thread[#719,Execution worker Thread 12,5,main]) started.
[   +5 ms] > Task :gradle:classes UP-TO-DATE
[        ] Skipping task ':gradle:classes' as it has no actions.
[   +8 ms] Resolve mutations for :gradle:jar (Thread[#719,Execution worker Thread 12,5,main]) started.
[  +11 ms] :gradle:jar (Thread[#719,Execution worker Thread 12,5,main]) started.
[        ] > Task :gradle:jar UP-TO-DATE
[        ] Caching disabled for task ':gradle:jar' because:
[        ]   Build cache is disabled
[        ]   Not worth caching
[        ] Skipping task ':gradle:jar' as it is up-to-date.
[+1554 ms] Settings evaluated using settings file 'C:\Users\USER\Desktop\my_app\android\settings.gradle.kts'.
[        ] Projects loaded. Root project using build file 'C:\Users\USER\Desktop\my_app\android\build.gradle.kts'.
[        ] Included projects: [root project 'android', project ':app']
[ +789 ms] > Configure project :app
[   +1 ms] Evaluating project ':app' using build file 'C:\Users\USER\Desktop\my_app\android\app\build.gradle.kts'.
[        ] Resolved plugin [id: 'com.android.application']
[        ] Resolved plugin [id: 'kotlin-android']
[   +7 ms] Resolved plugin [id: 'dev.flutter.flutter-gradle-plugin']
[        ] Using default execution profile
[        ] Using Kotlin Gradle Plugin gradle85 variant
[   +1 ms] C/C++: android.ndkVersion from module build.gradle is [27.0.12077973]
[   +4 ms] C/C++: android.ndkPath from module build.gradle is not set
[        ] C/C++: ndk.dir in local.properties is not set
[   +3 ms] C/C++: Not considering ANDROID_NDK_HOME because support was removed after deprecation period.
[        ] C/C++: sdkFolder is C:\Users\USER\AppData\Local\Android\sdk
[  +23 ms] C/C++: android.ndkVersion from module build.gradle is [27.0.12077973]
[   +3 ms] C/C++: android.ndkPath from module build.gradle is not set
[        ] C/C++: ndk.dir in local.properties is not set
[        ] C/C++: Not considering ANDROID_NDK_HOME because support was removed after deprecation period.
[   +2 ms] C/C++: sdkFolder is C:\Users\USER\AppData\Local\Android\sdk
[        ] C/C++: android.ndkVersion from module build.gradle is [27.0.12077973]
[        ] C/C++: android.ndkPath from module build.gradle is not set
[        ] C/C++: ndk.dir in local.properties is not set
[        ] C/C++: Not considering ANDROID_NDK_HOME because support was removed after deprecation period.
[        ] C/C++: sdkFolder is C:\Users\USER\AppData\Local\Android\sdk
[        ] C/C++: android.ndkVersion from module build.gradle is [27.0.12077973]
[        ] C/C++: android.ndkPath from module build.gradle is not set
[   +1 ms] C/C++: ndk.dir in local.properties is not set
[        ] C/C++: Not considering ANDROID_NDK_HOME because support was removed after deprecation period.
[        ] C/C++: sdkFolder is C:\Users\USER\AppData\Local\Android\sdk
[        ] C/C++: android.ndkVersion from module build.gradle is [27.0.12077973]
[   +1 ms] C/C++: android.ndkPath from module build.gradle is not set
[        ] C/C++: ndk.dir in local.properties is not set
[        ] C/C++: Not considering ANDROID_NDK_HOME because support was removed after deprecation period.
[        ] C/C++: sdkFolder is C:\Users\USER\AppData\Local\Android\sdk
[        ] C/C++: android.ndkVersion from module build.gradle is [27.0.12077973]
[   +3 ms] C/C++: android.ndkPath from module build.gradle is not set
[        ] C/C++: ndk.dir in local.properties is not set
[        ] C/C++: Not considering ANDROID_NDK_HOME because support was removed after deprecation period.
[        ] C/C++: sdkFolder is C:\Users\USER\AppData\Local\Android\sdk
[        ] C/C++: android.ndkVersion from module build.gradle is [27.0.12077973]
[        ] C/C++: android.ndkPath from module build.gradle is not set
[        ] C/C++: ndk.dir in local.properties is not set
[        ] C/C++: Not considering ANDROID_NDK_HOME because support was removed after deprecation period.
[        ] C/C++: sdkFolder is C:\Users\USER\AppData\Local\Android\sdk
[        ] C/C++: android.ndkVersion from module build.gradle is [27.0.12077973]
[        ] C/C++: android.ndkPath from module build.gradle is not set
[   +3 ms] C/C++: ndk.dir in local.properties is not set
[        ] C/C++: Not considering ANDROID_NDK_HOME because support was removed after deprecation period.
[        ] C/C++: sdkFolder is C:\Users\USER\AppData\Local\Android\sdk
[        ] C/C++: android.ndkVersion from module build.gradle is [27.0.12077973]
[        ] C/C++: android.ndkPath from module build.gradle is not set
[        ] C/C++: ndk.dir in local.properties is not set
[        ] C/C++: Not considering ANDROID_NDK_HOME because support was removed after deprecation period.
[        ] C/C++: sdkFolder is C:\Users\USER\AppData\Local\Android\sdk
[        ] C/C++: android.ndkVersion from module build.gradle is [27.0.12077973]
[        ] C/C++: android.ndkPath from module build.gradle is not set
[        ] C/C++: ndk.dir in local.properties is not set
[        ] C/C++: Not considering ANDROID_NDK_HOME because support was removed after deprecation period.
[        ] C/C++: sdkFolder is C:\Users\USER\AppData\Local\Android\sdk
[        ] C/C++: android.ndkVersion from module build.gradle is [27.0.12077973]
[   +1 ms] C/C++: android.ndkPath from module build.gradle is not set
[        ] C/C++: ndk.dir in local.properties is not set
[        ] C/C++: Not considering ANDROID_NDK_HOME because support was removed after deprecation period.
[        ] C/C++: sdkFolder is C:\Users\USER\AppData\Local\Android\sdk
[        ] C/C++: android.ndkVersion from module build.gradle is [27.0.12077973]
[        ] C/C++: android.ndkPath from module build.gradle is not set
[        ] C/C++: ndk.dir in local.properties is not set
[        ] C/C++: Not considering ANDROID_NDK_HOME because support was removed after deprecation period.
[        ] C/C++: sdkFolder is C:\Users\USER\AppData\Local\Android\sdk
[        ] C/C++: android.ndkVersion from module build.gradle is [27.0.12077973]
[        ] C/C++: android.ndkPath from module build.gradle is not set
[        ] C/C++: ndk.dir in local.properties is not set
[        ] C/C++: Not considering ANDROID_NDK_HOME because support was removed after deprecation period.
[        ] C/C++: sdkFolder is C:\Users\USER\AppData\Local\Android\sdk
[        ] C/C++: android.ndkVersion from module build.gradle is [27.0.12077973]
[        ] C/C++: android.ndkPath from module build.gradle is not set
[        ] C/C++: ndk.dir in local.properties is not set
[        ] C/C++: Not considering ANDROID_NDK_HOME because support was removed after deprecation period.
[   +3 ms] C/C++: sdkFolder is C:\Users\USER\AppData\Local\Android\sdk
[        ] C/C++: android.ndkVersion from module build.gradle is [27.0.12077973]
[        ] C/C++: android.ndkPath from module build.gradle is not set
[        ] C/C++: ndk.dir in local.properties is not set
[        ] C/C++: Not considering ANDROID_NDK_HOME because support was removed after deprecation period.
[        ] C/C++: sdkFolder is C:\Users\USER\AppData\Local\Android\sdk
[        ] C/C++: android.ndkVersion from module build.gradle is [27.0.12077973]
[        ] C/C++: android.ndkPath from module build.gradle is not set
[        ] C/C++: ndk.dir in local.properties is not set
[        ] C/C++: Not considering ANDROID_NDK_HOME because support was removed after deprecation period.
[        ] C/C++: sdkFolder is C:\Users\USER\AppData\Local\Android\sdk
[        ] C/C++: android.ndkVersion from module build.gradle is [27.0.12077973]
[   +2 ms] C/C++: android.ndkPath from module build.gradle is not set
[        ] C/C++: ndk.dir in local.properties is not set
[        ] C/C++: Not considering ANDROID_NDK_HOME because support was removed after deprecation period.
[        ] C/C++: sdkFolder is C:\Users\USER\AppData\Local\Android\sdk
[        ] C/C++: android.ndkVersion from module build.gradle is [27.0.12077973]
[        ] C/C++: android.ndkPath from module build.gradle is not set
[   +5 ms] C/C++: ndk.dir in local.properties is not set
[        ] C/C++: Not considering ANDROID_NDK_HOME because support was removed after deprecation period.
[        ] C/C++: sdkFolder is C:\Users\USER\AppData\Local\Android\sdk
[        ] C/C++: android.ndkVersion from module build.gradle is [27.0.12077973]
[        ] C/C++: android.ndkPath from module build.gradle is not set
[        ] C/C++: ndk.dir in local.properties is not set
[        ] C/C++: Not considering ANDROID_NDK_HOME because support was removed after deprecation period.
[        ] C/C++: sdkFolder is C:\Users\USER\AppData\Local\Android\sdk
[        ] > Configure project :
[        ] Evaluating root project 'android' using build file 'C:\Users\USER\Desktop\my_app\android\build.gradle.kts'.
[        ] All projects evaluated.
[        ] Task name matched 'assembleDebug'
[        ] Selected primary task 'assembleDebug' from project :
[  +26 ms] Adding -Xuse-inline-scopes-numbers Kotlin compiler flag for task :app:compileDebugKotlin
[ +169 ms] Tasks to be executed: [task ':app:DebugMinSdkCheck', task ':app:preBuild', task ':app:preDebugBuild', task ':app:mergeDebugNativeDebugMetadata', task ':app:checkKotlinGradlePluginConfigurationErrors', task ':app:compileFlutterBuildDebug', task ':app:packJniLibsflutterBuildDebug', task ':app:checkDebugAarMetadata', task ':app:cleanMergeDebugAssets', task ':app:mergeDebugShaders', task ':app:compileDebugShaders', task ':app:generateDebugAssets', task ':app:mergeDebugAssets', task ':app:copyFlutterAssetsDebug', task ':app:generateDebugResValues', task ':app:mapDebugSourceSetPaths', task ':app:generateDebugResources', task ':app:mergeDebugResources', task ':app:packageDebugResources', task ':app:parseDebugLocalResources', task ':app:createDebugCompatibleScreenManifests', task ':app:extractDeepLinksDebug', task ':app:processDebugMainManifest', task ':app:processDebugManifest', task ':app:processDebugManifestForPackage', task ':app:processDebugResources', task ':app:compileDebugKotlin', task ':app:javaPreCompileDebug', task ':app:compileDebugJavaWithJavac', task ':app:compressDebugAssets', task ':app:processDebugJavaRes', task ':app:mergeDebugJavaResource', task ':app:checkDebugDuplicateClasses', task ':app:desugarDebugFileDependencies', task ':app:mergeExtDexDebug', task ':app:mergeLibDexDebug', task ':app:dexBuilderDebug', task ':app:mergeProjectDexDebug', task ':app:configureCMakeDebug[arm64-v8a]', task ':app:buildCMakeDebug[arm64-v8a]', task ':app:configureCMakeDebug[armeabi-v7a]', task ':app:buildCMakeDebug[armeabi-v7a]', task ':app:configureCMakeDebug[x86_64]', task ':app:buildCMakeDebug[x86_64]', task ':app:mergeDebugJniLibFolders', task ':app:mergeDebugNativeLibs', task ':app:stripDebugDebugSymbols', task ':app:validateSigningDebug', task ':app:writeDebugAppMetadata', task ':app:writeDebugSigningConfigVersions', task ':app:packageDebug', task ':app:createDebugApkListingFileRedirect', task ':app:assembleDebug']
[   +1 ms] Tasks that were excluded: []
[  +20 ms] Resolve mutations for :app:DebugMinSdkCheck (Thread[#721,Execution worker Thread 14,5,main]) started.
[        ] :app:DebugMinSdkCheck (Thread[#721,Execution worker Thread 14,5,main]) started.
[        ] > Task :app:DebugMinSdkCheck
[        ] Caching disabled for task ':app:DebugMinSdkCheck' because:
[   +1 ms]   Build cache is disabled
[        ] Task ':app:DebugMinSdkCheck' is not up-to-date because:
[   +1 ms]   Task has not declared any outputs despite executing actions.
[   +1 ms] Resolve mutations for :app:preBuild (Thread[#721,Execution worker Thread 14,5,main]) started.
[   +3 ms] :app:preBuild (Thread[#721,Execution worker Thread 14,5,main]) started.
[        ] > Task :app:preBuild UP-TO-DATE
[        ] Skipping task ':app:preBuild' as it has no actions.
[        ] Resolve mutations for :app:preDebugBuild (Thread[#721,Execution worker Thread 14,5,main]) started.
[        ] :app:preDebugBuild (Thread[#721,Execution worker Thread 14,5,main]) started.
[        ] > Task :app:preDebugBuild UP-TO-DATE
[   +3 ms] Skipping task ':app:preDebugBuild' as it has no actions.
[        ] Resolve mutations for :app:mergeDebugNativeDebugMetadata (Thread[#721,Execution worker Thread 14,5,main]) started.
[        ] :app:mergeDebugNativeDebugMetadata (Thread[#721,Execution worker Thread 14,5,main]) started.
[        ] > Task :app:mergeDebugNativeDebugMetadata NO-SOURCE
[        ] Skipping task ':app:mergeDebugNativeDebugMetadata' as it has no source files and no previous output files.
[        ] Resolve mutations for :app:checkKotlinGradlePluginConfigurationErrors (Thread[#721,Execution worker Thread 14,5,main]) started.
[        ] :app:checkKotlinGradlePluginConfigurationErrors (Thread[#721,Execution worker Thread 14,5,main]) started.
[   +5 ms] > Task :app:checkKotlinGradlePluginConfigurationErrors SKIPPED
[        ] Skipping task ':app:checkKotlinGradlePluginConfigurationErrors' as task onlyIf 'errorDiagnostics are present' is false.
[        ] Resolve mutations for :app:compileFlutterBuildDebug (Thread[#721,Execution worker Thread 14,5,main]) started.
[  +59 ms] :app:compileFlutterBuildDebug (Thread[#721,Execution worker Thread 14,5,main]) started.
[ +189 ms] > Task :app:compileFlutterBuildDebug UP-TO-DATE
[        ] Caching disabled for task ':app:compileFlutterBuildDebug' because:
[        ]   Build cache is disabled
[        ]   Caching has not been enabled for the task
[        ] Skipping task ':app:compileFlutterBuildDebug' as it is up-to-date.
[        ] Resolve mutations for :app:packJniLibsflutterBuildDebug (Thread[#721,Execution worker Thread 14,5,main]) started.
[        ] :app:packJniLibsflutterBuildDebug (Thread[#721,Execution worker Thread 14,5,main]) started.
[        ] > Task :app:packJniLibsflutterBuildDebug UP-TO-DATE
[        ] Caching disabled for task ':app:packJniLibsflutterBuildDebug' because:
[        ]   Build cache is disabled
[        ]   Not worth caching
[        ] Skipping task ':app:packJniLibsflutterBuildDebug' as it is up-to-date.
[        ] Resolve mutations for :app:checkDebugAarMetadata (Thread[#721,Execution worker Thread 14,5,main]) started.
[        ] :app:checkDebugAarMetadata (Thread[#707,included builds,5,main]) started.
[ +107 ms] > Task :app:checkDebugAarMetadata UP-TO-DATE
[        ] Caching disabled for task ':app:checkDebugAarMetadata' because:
[        ]   Build cache is disabled
[        ]   Caching has been disabled for the task
[        ] Skipping task ':app:checkDebugAarMetadata' as it is up-to-date.
[        ] Resolve mutations for :app:cleanMergeDebugAssets (Thread[#720,Execution worker Thread 13,5,main]) started.
[        ] :app:cleanMergeDebugAssets (Thread[#720,Execution worker Thread 13,5,main]) started.
[  +90 ms] > Task :app:cleanMergeDebugAssets
[        ] Caching disabled for task ':app:cleanMergeDebugAssets' because:
[        ]   Build cache is disabled
[        ] Task ':app:cleanMergeDebugAssets' is not up-to-date because:
[   +2 ms]   Task has not declared any outputs despite executing actions.
[        ] Resolve mutations for :app:mergeDebugShaders (Thread[#720,Execution worker Thread 13,5,main]) started.
[        ] :app:mergeDebugShaders (Thread[#720,Execution worker Thread 13,5,main]) started.
[        ] > Task :app:mergeDebugShaders UP-TO-DATE
[        ] Caching disabled for task ':app:mergeDebugShaders' because:
[        ]   Build cache is disabled
[   +1 ms]   Simple merging task
[        ] Skipping task ':app:mergeDebugShaders' as it is up-to-date.
[        ] Resolve mutations for :app:compileDebugShaders (Thread[#720,Execution worker Thread 13,5,main]) started.
[   +7 ms] :app:compileDebugShaders (Thread[#720,Execution worker Thread 13,5,main]) started.
[  +10 ms] > Task :app:compileDebugShaders NO-SOURCE
[        ] Skipping task ':app:compileDebugShaders' as it has no source files and no previous output files.
[        ] Resolve mutations for :app:generateDebugAssets (Thread[#720,Execution worker Thread 13,5,main]) started.
[        ] :app:generateDebugAssets (Thread[#720,Execution worker Thread 13,5,main]) started.
[   +4 ms] > Task :app:generateDebugAssets UP-TO-DATE
[        ] Skipping task ':app:generateDebugAssets' as it has no actions.
[        ] Resolve mutations for :app:mergeDebugAssets (Thread[#720,Execution worker Thread 13,5,main]) started.
[        ] :app:mergeDebugAssets (Thread[#720,Execution worker Thread 13,5,main]) started.
[   +2 ms] > Task :app:mergeDebugAssets
[        ] Caching disabled for task ':app:mergeDebugAssets' because:
[        ]   Build cache is disabled
[        ]   Simple merging task
[        ] Task ':app:mergeDebugAssets' is not up-to-date because:
[   +1 ms]   Output property 'outputDir' file C:\Users\USER\Desktop\my_app\build\app\intermediates\assets\debug\mergeDebugAssets has been removed.
[        ] The input changes require a full rebuild for incremental task ':app:mergeDebugAssets'.
[   +2 ms] Resolve mutations for :app:copyFlutterAssetsDebug (Thread[#720,Execution worker Thread 13,5,main]) started.
[  +67 ms] :app:copyFlutterAssetsDebug (Thread[#720,Execution worker Thread 13,5,main]) started.
[ +793 ms] > Task :app:copyFlutterAssetsDebug
[        ] Caching disabled for task ':app:copyFlutterAssetsDebug' because:
[        ]   Build cache is disabled
[        ]   Not worth caching
[        ] Task ':app:copyFlutterAssetsDebug' is not up-to-date because:
[   +5 ms]   Output property 'destinationDir' file C:\Users\USER\Desktop\my_app\build\app\intermediates\assets\debug\mergeDebugAssets\flutter_assets has been removed.
[        ]   Output property 'destinationDir' file C:\Users\USER\Desktop\my_app\build\app\intermediates\assets\debug\mergeDebugAssets\flutter_assets\AssetManifest.bin has been removed.
[        ]   Output property 'destinationDir' file C:\Users\USER\Desktop\my_app\build\app\intermediates\assets\debug\mergeDebugAssets\flutter_assets\AssetManifest.json has been removed.
[   +3 ms]   and more...
[        ] Resolve mutations for :app:generateDebugResValues (Thread[#720,Execution worker Thread 13,5,main]) started.
[        ] :app:generateDebugResValues (Thread[#720,Execution worker Thread 13,5,main]) started.
[   +7 ms] > Task :app:generateDebugResValues UP-TO-DATE
[        ] Caching disabled for task ':app:generateDebugResValues' because:
[        ]   Build cache is disabled
[        ] Skipping task ':app:generateDebugResValues' as it is up-to-date.
[        ] Resolve mutations for :app:mapDebugSourceSetPaths (Thread[#707,included builds,5,main]) started.
[        ] :app:mapDebugSourceSetPaths (Thread[#707,included builds,5,main]) started.
[   +5 ms] > Task :app:mapDebugSourceSetPaths UP-TO-DATE
[        ] Caching disabled for task ':app:mapDebugSourceSetPaths' because:
[        ]   Build cache is disabled
[        ]   Caching has been disabled for the task
[        ] Skipping task ':app:mapDebugSourceSetPaths' as it is up-to-date.
[        ] Resolve mutations for :app:generateDebugResources (Thread[#720,Execution worker Thread 13,5,main]) started.
[        ] :app:generateDebugResources (Thread[#720,Execution worker Thread 13,5,main]) started.
[        ] > Task :app:generateDebugResources UP-TO-DATE
[   +4 ms] Caching disabled for task ':app:generateDebugResources' because:
[        ]   Build cache is disabled
[        ] Skipping task ':app:generateDebugResources' as it is up-to-date.
[        ] Resolve mutations for :app:mergeDebugResources (Thread[#720,Execution worker Thread 13,5,main]) started.
[        ] :app:mergeDebugResources (Thread[#720,Execution worker Thread 13,5,main]) started.
[   +1 ms] > Task :app:mergeDebugResources UP-TO-DATE
[   +1 ms] Caching disabled for task ':app:mergeDebugResources' because:
[        ]   Build cache is disabled
[        ] Skipping task ':app:mergeDebugResources' as it is up-to-date.
[  +53 ms] Resolve mutations for :app:packageDebugResources (Thread[#720,Execution worker Thread 13,5,main]) started.
[        ] :app:packageDebugResources (Thread[#720,Execution worker Thread 13,5,main]) started.
[        ] > Task :app:packageDebugResources UP-TO-DATE
[   +3 ms] Caching disabled for task ':app:packageDebugResources' because:
[        ]   Build cache is disabled
[        ] Skipping task ':app:packageDebugResources' as it is up-to-date.
[        ] Resolve mutations for :app:parseDebugLocalResources (Thread[#707,included builds,5,main]) started.
[        ] :app:parseDebugLocalResources (Thread[#707,included builds,5,main]) started.
[   +4 ms] > Task :app:parseDebugLocalResources UP-TO-DATE
[        ] Caching disabled for task ':app:parseDebugLocalResources' because:
[        ]   Build cache is disabled
[        ] Skipping task ':app:parseDebugLocalResources' as it is up-to-date.
[        ] Resolve mutations for :app:createDebugCompatibleScreenManifests (Thread[#707,included builds,5,main]) started.
[   +1 ms] :app:createDebugCompatibleScreenManifests (Thread[#707,included builds,5,main]) started.
[  +13 ms] > Task :app:createDebugCompatibleScreenManifests UP-TO-DATE
[        ] Caching disabled for task ':app:createDebugCompatibleScreenManifests' because:
[        ]   Build cache is disabled
[        ]   Caching has been disabled for the task
[        ] Skipping task ':app:createDebugCompatibleScreenManifests' as it is up-to-date.
[        ] Resolve mutations for :app:extractDeepLinksDebug (Thread[#720,Execution worker Thread 13,5,main]) started.
[   +9 ms] :app:extractDeepLinksDebug (Thread[#720,Execution worker Thread 13,5,main]) started.
[        ] > Task :app:extractDeepLinksDebug UP-TO-DATE
[        ] Caching disabled for task ':app:extractDeepLinksDebug' because:
[        ]   Build cache is disabled
[        ] Skipping task ':app:extractDeepLinksDebug' as it is up-to-date.
[        ] Resolve mutations for :app:processDebugMainManifest (Thread[#720,Execution worker Thread 13,5,main]) started.
[        ] :app:processDebugMainManifest (Thread[#720,Execution worker Thread 13,5,main]) started.
[        ] > Task :app:processDebugMainManifest UP-TO-DATE
[        ] Caching disabled for task ':app:processDebugMainManifest' because:
[        ]   Build cache is disabled
[        ] Skipping task ':app:processDebugMainManifest' as it is up-to-date.
[        ] Resolve mutations for :app:processDebugManifest (Thread[#720,Execution worker Thread 13,5,main]) started.
[        ] :app:processDebugManifest (Thread[#720,Execution worker Thread 13,5,main]) started.
[  +71 ms] > Task :app:processDebugManifest UP-TO-DATE
[        ] Caching disabled for task ':app:processDebugManifest' because:
[        ]   Build cache is disabled
[        ] Skipping task ':app:processDebugManifest' as it is up-to-date.
[        ] Resolve mutations for :app:processDebugManifestForPackage (Thread[#720,Execution worker Thread 13,5,main]) started.
[        ] :app:processDebugManifestForPackage (Thread[#720,Execution worker Thread 13,5,main]) started.
[        ] > Task :app:processDebugManifestForPackage UP-TO-DATE
[        ] Custom actions are attached to task ':app:processDebugManifestForPackage'.
[  +11 ms] Caching disabled for task ':app:processDebugManifestForPackage' because:
[        ]   Build cache is disabled
[        ] Skipping task ':app:processDebugManifestForPackage' as it is up-to-date.
[        ] Resolve mutations for :app:processDebugResources (Thread[#720,Execution worker Thread 13,5,main]) started.
[        ] :app:processDebugResources (Thread[#707,included builds,5,main]) started.
[  +78 ms] > Task :app:processDebugResources UP-TO-DATE
[        ] Caching disabled for task ':app:processDebugResources' because:
[        ]   Build cache is disabled
[        ] Skipping task ':app:processDebugResources' as it is up-to-date.
[        ] Resolve mutations for :app:compileDebugKotlin (Thread[#720,Execution worker Thread 13,5,main]) started.
[   +4 ms] :app:compileDebugKotlin (Thread[#720,Execution worker Thread 13,5,main]) started.
[ +104 ms] > Task :app:compileDebugKotlin UP-TO-DATE
[        ] Adding -Xuse-inline-scopes-numbers Kotlin compiler flag for task :app:compileDebugAndroidTestKotlin
[        ] GradleBuildProject.Builder should not be accessed through AnalyticsConfiguratorService after AnalyticsService is created. Analytics information of this build might be incomplete.
[   +2 ms] Caching disabled for task ':app:compileDebugKotlin' because:
[        ]   Build cache is disabled
[        ] Skipping task ':app:compileDebugKotlin' as it is up-to-date.
[   +1 ms] Resolve mutations for :app:javaPreCompileDebug (Thread[#720,Execution worker Thread 13,5,main]) started.
[        ] :app:javaPreCompileDebug (Thread[#715,Execution worker Thread 8,5,main]) started.
[  +92 ms] > Task :app:javaPreCompileDebug UP-TO-DATE
[   +2 ms] Caching disabled for task ':app:javaPreCompileDebug' because:
[        ]   Build cache is disabled
[  +53 ms] Skipping task ':app:javaPreCompileDebug' as it is up-to-date.
[        ] Resolve mutations for :app:compileDebugJavaWithJavac (Thread[#720,Execution worker Thread 13,5,main]) started.
[        ] :app:compileDebugJavaWithJavac (Thread[#720,Execution worker Thread 13,5,main]) started.
[  +34 ms] > Task :app:compileDebugJavaWithJavac UP-TO-DATE
[   +3 ms] Custom actions are attached to task ':app:compileDebugJavaWithJavac'.
[        ] Caching disabled for task ':app:compileDebugJavaWithJavac' because:
[        ]   Build cache is disabled
[  +15 ms] Skipping task ':app:compileDebugJavaWithJavac' as it is up-to-date.
[        ] No compile result for :app:compileDebugJavaWithJavac
[        ] No compile result for :app:compileDebugJavaWithJavac
[        ] No compile result for :app:compileDebugJavaWithJavac
[  +18 ms] Resolve mutations for :app:compressDebugAssets (Thread[#720,Execution worker Thread 13,5,main]) started.
[        ] :app:compressDebugAssets (Thread[#720,Execution worker Thread 13,5,main]) started.
[        ] > Task :app:compressDebugAssets UP-TO-DATE
[        ] Caching disabled for task ':app:compressDebugAssets' because:
[  +52 ms]   Build cache is disabled
[        ] Skipping task ':app:compressDebugAssets' as it is up-to-date.
[  +16 ms] Resolve mutations for :app:processDebugJavaRes (Thread[#715,Execution worker Thread 8,5,main]) started.
[  +10 ms] :app:processDebugJavaRes (Thread[#715,Execution worker Thread 8,5,main]) started.
[        ] > Task :app:processDebugJavaRes UP-TO-DATE
[        ] file or directory 'C:\Users\USER\Desktop\my_app\android\app\src\main\resources', not found
[        ] file or directory 'C:\Users\USER\Desktop\my_app\android\app\src\debug\resources', not found
[   +8 ms] file or directory 'C:\Users\USER\Desktop\my_app\android\app\src\main\resources', not found
[  +31 ms] file or directory 'C:\Users\USER\Desktop\my_app\android\app\src\debug\resources', not found
[        ] Caching disabled for task ':app:processDebugJavaRes' because:
[        ]   Build cache is disabled
[        ]   Caching has been disabled for the task
[        ] Skipping task ':app:processDebugJavaRes' as it is up-to-date.
[        ] Resolve mutations for :app:mergeDebugJavaResource (Thread[#720,Execution worker Thread 13,5,main]) started.
[        ] :app:mergeDebugJavaResource (Thread[#720,Execution worker Thread 13,5,main]) started.
[ +143 ms] > Task :app:mergeDebugJavaResource UP-TO-DATE
[   +7 ms] Caching disabled for task ':app:mergeDebugJavaResource' because:
[        ]   Build cache is disabled
[  +20 ms]   Caching has been disabled for the task
[        ] Skipping task ':app:mergeDebugJavaResource' as it is up-to-date.
[        ] Resolve mutations for :app:checkDebugDuplicateClasses (Thread[#720,Execution worker Thread 13,5,main]) started.
[        ] :app:checkDebugDuplicateClasses (Thread[#715,Execution worker Thread 8,5,main]) started.
[        ] > Task :app:checkDebugDuplicateClasses UP-TO-DATE
[  +11 ms] Caching disabled for task ':app:checkDebugDuplicateClasses' because:
[        ]   Build cache is disabled
[        ]   Caching has been disabled for the task
[        ] Skipping task ':app:checkDebugDuplicateClasses' as it is up-to-date.
[        ] Resolve mutations for :app:desugarDebugFileDependencies (Thread[#720,Execution worker Thread 13,5,main]) started.
[        ] :app:desugarDebugFileDependencies (Thread[#720,Execution worker Thread 13,5,main]) started.
[        ] > Task :app:desugarDebugFileDependencies UP-TO-DATE
[   +5 ms] Caching disabled for task ':app:desugarDebugFileDependencies' because:
[        ]   Build cache is disabled
[        ] Skipping task ':app:desugarDebugFileDependencies' as it is up-to-date.
[        ] Resolve mutations for :app:mergeExtDexDebug (Thread[#720,Execution worker Thread 13,5,main]) started.
[        ] :app:mergeExtDexDebug (Thread[#720,Execution worker Thread 13,5,main]) started.
[        ] > Task :app:mergeExtDexDebug UP-TO-DATE
[        ] Caching disabled for task ':app:mergeExtDexDebug' because:
[   +4 ms]   Build cache is disabled
[        ] Skipping task ':app:mergeExtDexDebug' as it is up-to-date.
[        ] Resolve mutations for :app:mergeLibDexDebug (Thread[#716,Execution worker Thread 9,5,main]) started.
[        ] :app:mergeLibDexDebug (Thread[#716,Execution worker Thread 9,5,main]) started.
[  +33 ms] > Task :app:mergeLibDexDebug UP-TO-DATE
[   +1 ms] Caching disabled for task ':app:mergeLibDexDebug' because:
[   +1 ms]   Build cache is disabled
[        ] Skipping task ':app:mergeLibDexDebug' as it is up-to-date.
[        ] Resolve mutations for :app:dexBuilderDebug (Thread[#720,Execution worker Thread 13,5,main]) started.
[        ] :app:dexBuilderDebug (Thread[#720,Execution worker Thread 13,5,main]) started.
[        ] > Task :app:dexBuilderDebug UP-TO-DATE
[   +1 ms] Caching disabled for task ':app:dexBuilderDebug' because:
[        ]   Build cache is disabled
[        ] Skipping task ':app:dexBuilderDebug' as it is up-to-date.
[        ] Resolve mutations for :app:mergeProjectDexDebug (Thread[#720,Execution worker Thread 13,5,main]) started.
[        ] :app:mergeProjectDexDebug (Thread[#720,Execution worker Thread 13,5,main]) started.
[        ] > Task :app:mergeProjectDexDebug UP-TO-DATE
[        ] Caching disabled for task ':app:mergeProjectDexDebug' because:
[        ]   Build cache is disabled
[        ] Skipping task ':app:mergeProjectDexDebug' as it is up-to-date.
[        ] Resolve mutations for :app:configureCMakeDebug[arm64-v8a] (Thread[#720,Execution worker Thread 13,5,main]) started.
[        ] :app:configureCMakeDebug[arm64-v8a] (Thread[#720,Execution worker Thread 13,5,main]) started.
[  +85 ms] > Task :app:configureCMakeDebug[arm64-v8a]
[        ] Caching disabled for task ':app:configureCMakeDebug[arm64-v8a]' because:
[        ]   Build cache is disabled
[        ]   Caching has been disabled for the task
[        ] Task ':app:configureCMakeDebug[arm64-v8a]' is not up-to-date because:
[   +1 ms]   Task.upToDateWhen is false.
[        ] C/C++: C:\src\flutter\packages\flutter_tools\gradle\src\main\scripts\CMakeLists.txt debug|arm64-v8a : Start JSON generation. Platform version: 24 min SDK version: arm64-v8a
[        ] C/C++: C:\src\flutter\packages\flutter_tools\gradle\src\main\scripts\CMakeLists.txt debug|arm64-v8a : JSON 'C:\Users\USER\Desktop\my_app\build\.cxx\debug\5g2t3k38\arm64-v8a\android_gradle_build.json' was up-to-date
[        ] C/C++: C:\src\flutter\packages\flutter_tools\gradle\src\main\scripts\CMakeLists.txt debug|arm64-v8a : JSON generation completed without problems
[        ] C/C++: C:\src\flutter\packages\flutter_tools\gradle\src\main\scripts\CMakeLists.txt debug|arm64-v8a : Writing build model to C:\Users\USER\Desktop\my_app\build\app\intermediates\cxx\debug\5g2t3k38\logs\arm64-v8a\build_model.json
[        ] Resolve mutations for :app:buildCMakeDebug[arm64-v8a] (Thread[#720,Execution worker Thread 13,5,main]) started.
[        ] :app:buildCMakeDebug[arm64-v8a] (Thread[#720,Execution worker Thread 13,5,main]) started.
[        ] > Task :app:buildCMakeDebug[arm64-v8a]
[        ] Caching disabled for task ':app:buildCMakeDebug[arm64-v8a]' because:
[        ]   Build cache is disabled
[        ]   Caching has been disabled for the task
[        ] Task ':app:buildCMakeDebug[arm64-v8a]' is not up-to-date because:
[        ]   Task.upToDateWhen is false.
[        ] C/C++: starting build
[   +1 ms] C/C++: reading expected JSONs
[        ] C/C++: done reading expected JSONs
[        ] C/C++: executing build commands for targets that produce .so files or executables
[        ] C/C++: evaluate miniconfig
[        ] C/C++: no libraries
[        ] Resolve mutations for :app:configureCMakeDebug[armeabi-v7a] (Thread[#720,Execution worker Thread 13,5,main]) started.
[        ] :app:configureCMakeDebug[armeabi-v7a] (Thread[#720,Execution worker Thread 13,5,main]) started.
[ +103 ms] > Task :app:configureCMakeDebug[armeabi-v7a]
[        ] Caching disabled for task ':app:configureCMakeDebug[armeabi-v7a]' because:
[        ]   Build cache is disabled
[        ]   Caching has been disabled for the task
[   +1 ms] Task ':app:configureCMakeDebug[armeabi-v7a]' is not up-to-date because:
[        ]   Task.upToDateWhen is false.
[        ] C/C++: C:\src\flutter\packages\flutter_tools\gradle\src\main\scripts\CMakeLists.txt debug|armeabi-v7a : Start JSON generation. Platform version: 24 min SDK version: armeabi-v7a
[        ] C/C++: C:\src\flutter\packages\flutter_tools\gradle\src\main\scripts\CMakeLists.txt debug|armeabi-v7a : JSON 'C:\Users\USER\Desktop\my_app\build\.cxx\debug\5g2t3k38\armeabi-v7a\android_gradle_build.json' was up-to-date
[        ] C/C++: C:\src\flutter\packages\flutter_tools\gradle\src\main\scripts\CMakeLists.txt debug|armeabi-v7a : JSON generation completed without problems
[        ] C/C++: C:\src\flutter\packages\flutter_tools\gradle\src\main\scripts\CMakeLists.txt debug|armeabi-v7a : Writing build model to C:\Users\USER\Desktop\my_app\build\app\intermediates\cxx\debug\5g2t3k38\logs\armeabi-v7a\build_model.json
[        ] Resolve mutations for :app:buildCMakeDebug[armeabi-v7a] (Thread[#720,Execution worker Thread 13,5,main]) started.
[   +6 ms] :app:buildCMakeDebug[armeabi-v7a] (Thread[#720,Execution worker Thread 13,5,main]) started.
[   +1 ms] > Task :app:buildCMakeDebug[armeabi-v7a]
[  +11 ms] Caching disabled for task ':app:buildCMakeDebug[armeabi-v7a]' because:
[   +5 ms]   Build cache is disabled
[        ]   Caching has been disabled for the task
[        ] Task ':app:buildCMakeDebug[armeabi-v7a]' is not up-to-date because:
[        ]   Task.upToDateWhen is false.
[   +3 ms] C/C++: starting build
[   +1 ms] C/C++: reading expected JSONs
[        ] C/C++: done reading expected JSONs
[        ] C/C++: executing build commands for targets that produce .so files or executables
[        ] C/C++: evaluate miniconfig
[   +1 ms] C/C++: no libraries
[   +3 ms] Resolve mutations for :app:configureCMakeDebug[x86_64] (Thread[#716,Execution worker Thread 9,5,main]) started.
[   +1 ms] :app:configureCMakeDebug[x86_64] (Thread[#716,Execution worker Thread 9,5,main]) started.
[        ] > Task :app:configureCMakeDebug[x86_64]
[        ] Caching disabled for task ':app:configureCMakeDebug[x86_64]' because:
[        ]   Build cache is disabled
[        ]   Caching has been disabled for the task
[        ] Task ':app:configureCMakeDebug[x86_64]' is not up-to-date because:
[        ]   Task.upToDateWhen is false.
[   +5 ms] C/C++: C:\src\flutter\packages\flutter_tools\gradle\src\main\scripts\CMakeLists.txt debug|x86_64 : Start JSON generation. Platform version: 24 min SDK version: x86_64
[        ] C/C++: C:\src\flutter\packages\flutter_tools\gradle\src\main\scripts\CMakeLists.txt debug|x86_64 : JSON 'C:\Users\USER\Desktop\my_app\build\.cxx\debug\5g2t3k38\x86_64\android_gradle_build.json' was up-to-date
[        ] C/C++: C:\src\flutter\packages\flutter_tools\gradle\src\main\scripts\CMakeLists.txt debug|x86_64 : JSON generation completed without problems
[        ] C/C++: C:\src\flutter\packages\flutter_tools\gradle\src\main\scripts\CMakeLists.txt debug|x86_64 : Writing build model to C:\Users\USER\Desktop\my_app\build\app\intermediates\cxx\debug\5g2t3k38\logs\x86_64\build_model.json
[   +1 ms] Resolve mutations for :app:buildCMakeDebug[x86_64] (Thread[#720,Execution worker Thread 13,5,main]) started.
[   +1 ms] :app:buildCMakeDebug[x86_64] (Thread[#720,Execution worker Thread 13,5,main]) started.
[        ] > Task :app:buildCMakeDebug[x86_64]
[   +1 ms] Caching disabled for task ':app:buildCMakeDebug[x86_64]' because:
[        ]   Build cache is disabled
[        ]   Caching has been disabled for the task
[        ] Task ':app:buildCMakeDebug[x86_64]' is not up-to-date because:
[        ]   Task.upToDateWhen is false.
[   +5 ms] C/C++: starting build
[        ] C/C++: reading expected JSONs
[        ] C/C++: done reading expected JSONs
[        ] C/C++: executing build commands for targets that produce .so files or executables
[        ] C/C++: evaluate miniconfig
[        ] C/C++: no libraries
[   +1 ms] Resolve mutations for :app:mergeDebugJniLibFolders (Thread[#716,Execution worker Thread 9,5,main]) started.
[   +2 ms] :app:mergeDebugJniLibFolders (Thread[#716,Execution worker Thread 9,5,main]) started.
[        ] > Task :app:mergeDebugJniLibFolders UP-TO-DATE
[        ] Caching disabled for task ':app:mergeDebugJniLibFolders' because:
[        ]   Build cache is disabled
[        ]   Simple merging task
[        ] Skipping task ':app:mergeDebugJniLibFolders' as it is up-to-date.
[   +5 ms] Resolve mutations for :app:mergeDebugNativeLibs (Thread[#720,Execution worker Thread 13,5,main]) started.
[        ] :app:mergeDebugNativeLibs (Thread[#720,Execution worker Thread 13,5,main]) started.
[  +13 ms] > Task :app:mergeDebugNativeLibs UP-TO-DATE
[        ] Caching disabled for task ':app:mergeDebugNativeLibs' because:
[        ]   Build cache is disabled
[        ]   Caching has been disabled for the task
[        ] Skipping task ':app:mergeDebugNativeLibs' as it is up-to-date.
[        ] Resolve mutations for :app:stripDebugDebugSymbols (Thread[#720,Execution worker Thread 13,5,main]) started.
[   +4 ms] :app:stripDebugDebugSymbols (Thread[#720,Execution worker Thread 13,5,main]) started.
[   +1 ms] > Task :app:stripDebugDebugSymbols UP-TO-DATE
[        ] Caching disabled for task ':app:stripDebugDebugSymbols' because:
[        ]   Build cache is disabled
[        ]   Caching has been disabled for the task
[        ] Skipping task ':app:stripDebugDebugSymbols' as it is up-to-date.
[        ] Resolve mutations for :app:validateSigningDebug (Thread[#720,Execution worker Thread 13,5,main]) started.
[        ] :app:validateSigningDebug (Thread[#720,Execution worker Thread 13,5,main]) started.
[        ] > Task :app:validateSigningDebug UP-TO-DATE
[        ] Caching disabled for task ':app:validateSigningDebug' because:
[        ]   Build cache is disabled
[        ]   Caching has been disabled for the task
[        ] Skipping task ':app:validateSigningDebug' as it is up-to-date.
[   +4 ms] Resolve mutations for :app:writeDebugAppMetadata (Thread[#720,Execution worker Thread 13,5,main]) started.
[        ] :app:writeDebugAppMetadata (Thread[#720,Execution worker Thread 13,5,main]) started.
[        ] > Task :app:writeDebugAppMetadata UP-TO-DATE
[        ] Caching disabled for task ':app:writeDebugAppMetadata' because:
[        ]   Build cache is disabled
[   +2 ms]   Caching has been disabled for the task
[        ] Skipping task ':app:writeDebugAppMetadata' as it is up-to-date.
[        ] Resolve mutations for :app:writeDebugSigningConfigVersions (Thread[#721,Execution worker Thread 14,5,main]) started.
[        ] :app:writeDebugSigningConfigVersions (Thread[#721,Execution worker Thread 14,5,main]) started.
[        ] > Task :app:writeDebugSigningConfigVersions UP-TO-DATE
[        ] Caching disabled for task ':app:writeDebugSigningConfigVersions' because:
[        ]   Build cache is disabled
[        ]   Caching has been disabled for the task
[        ] Skipping task ':app:writeDebugSigningConfigVersions' as it is up-to-date.
[        ] Resolve mutations for :app:packageDebug (Thread[#720,Execution worker Thread 13,5,main]) started.
[        ] :app:packageDebug (Thread[#720,Execution worker Thread 13,5,main]) started.
[  +86 ms] > Task :app:packageDebug UP-TO-DATE
[        ] Custom actions are attached to task ':app:packageDebug'.
[        ] Caching disabled for task ':app:packageDebug' because:
[        ]   Build cache is disabled
[        ]   Caching has been disabled for the task
[        ] Skipping task ':app:packageDebug' as it is up-to-date.
[        ] Resolve mutations for :app:createDebugApkListingFileRedirect (Thread[#721,Execution worker Thread 14,5,main]) started.
[        ] :app:createDebugApkListingFileRedirect (Thread[#721,Execution worker Thread 14,5,main]) started.
[        ] > Task :app:createDebugApkListingFileRedirect UP-TO-DATE
[        ] Caching disabled for task ':app:createDebugApkListingFileRedirect' because:
[        ]   Build cache is disabled
[        ]   Caching has been disabled for the task
[        ] Skipping task ':app:createDebugApkListingFileRedirect' as it is up-to-date.
[        ] Resolve mutations for :app:assembleDebug (Thread[#720,Execution worker Thread 13,5,main]) started.
[        ] :app:assembleDebug (Thread[#720,Execution worker Thread 13,5,main]) started.
[ +382 ms] > Task :app:assembleDebug
[        ] Caching disabled for task ':app:assembleDebug' because:
[        ]   Build cache is disabled
[        ] Task ':app:assembleDebug' is not up-to-date because:
[        ]   Task has not declared any outputs despite executing actions.
[ +405 ms] BUILD SUCCESSFUL in 9s
[        ] 51 actionable tasks: 11 executed, 40 up-to-date
[        ] Watched directory hierarchies: [C:\src\flutter\packages\flutter_tools\gradle, C:\Users\USER\Desktop\my_app\android]
[ +165 ms] Running Gradle task 'assembleDebug'... (completed in 10.3s)
[  +83 ms] Calculate SHA1: LocalDirectory: 'C:\Users\USER\Desktop\my_app\build\app\outputs\flutter-apk'/app-debug.apk
[+2108 ms] ??Built build\app\outputs\flutter-apk\app-debug.apk
[  +12 ms] executing: C:\Users\USER\AppData\Local\Android\sdk\build-tools\36.0.0\aapt dump xmltree C:\Users\USER\Desktop\my_app\build\app\outputs\flutter-apk\app-debug.apk AndroidManifest.xml
[  +76 ms] Exit code 0 from: C:\Users\USER\AppData\Local\Android\sdk\build-tools\36.0.0\aapt dump xmltree C:\Users\USER\Desktop\my_app\build\app\outputs\flutter-apk\app-debug.apk AndroidManifest.xml
[        ] N: android=http://schemas.android.com/apk/res/android
             E: manifest (line=2)
               A: android:versionCode(0x0101021b)=(type 0x10)0x1
               A: android:versionName(0x0101021c)="1.0.0" (Raw: "1.0.0")
               A: android:compileSdkVersion(0x01010572)=(type 0x10)0x24
               A: android:compileSdkVersionCodename(0x01010573)="16" (Raw: "16")
               A: package="com.example.my_app" (Raw: "com.example.my_app")
               A: platformBuildVersionCode=(type 0x10)0x24
               A: platformBuildVersionName=(type 0x10)0x10
               E: uses-sdk (line=7)
                 A: android:minSdkVersion(0x0101020c)=(type 0x10)0x18
                 A: android:targetSdkVersion(0x01010270)=(type 0x10)0x24
               E: uses-permission (line=15)
                 A: android:name(0x01010003)="android.permission.INTERNET" (Raw: "android.permission.INTERNET")
               E: queries (line=23)
                 E: intent (line=24)
                   E: action (line=25)
                     A: android:name(0x01010003)="android.intent.action.PROCESS_TEXT" (Raw: "android.intent.action.PROCESS_TEXT")
                   E: data (line=27)
                     A: android:mimeType(0x01010026)="text/plain" (Raw: "text/plain")
               E: permission (line=31)
                 A: android:name(0x01010003)="com.example.my_app.DYNAMIC_RECEIVER_NOT_EXPORTED_PERMISSION" (Raw: "com.example.my_app.DYNAMIC_RECEIVER_NOT_EXPORTED_PERMISSION")
                 A: android:protectionLevel(0x01010009)=(type 0x11)0x2
               E: uses-permission (line=35)
                 A: android:name(0x01010003)="com.example.my_app.DYNAMIC_RECEIVER_NOT_EXPORTED_PERMISSION" (Raw: "com.example.my_app.DYNAMIC_RECEIVER_NOT_EXPORTED_PERMISSION")
               E: application (line=37)
                 A: android:label(0x01010001)="my_app" (Raw: "my_app")
                 A: android:icon(0x01010002)=@0x7f0a0000
                 A: android:name(0x01010003)="android.app.Application" (Raw: "android.app.Application")
                 A: android:debuggable(0x0101000f)=(type 0x12)0xffffffff
                 A: android:extractNativeLibs(0x010104ea)=(type 0x12)0x0
                 A: android:appComponentFactory(0x0101057a)="androidx.core.app.CoreComponentFactory" (Raw: "androidx.core.app.CoreComponentFactory")
                 E: activity (line=44)
                   A: android:theme(0x01010000)=@0x7f0c0000
                   A: android:name(0x01010003)="com.example.my_app.MainActivity" (Raw: "com.example.my_app.MainActivity")
                   A: android:exported(0x01010010)=(type 0x12)0xffffffff
                   A: android:taskAffinity(0x01010012)="" (Raw: "")
                   A: android:launchMode(0x0101001d)=(type 0x10)0x1
                   A: android:configChanges(0x0101001f)=(type 0x11)0x40003fb4
                   A: android:windowSoftInputMode(0x0101022b)=(type 0x11)0x10
                   A: android:hardwareAccelerated(0x010102d3)=(type 0x12)0xffffffff
                   E: meta-data (line=60)
                     A: android:name(0x01010003)="io.flutter.embedding.android.NormalTheme" (Raw: "io.flutter.embedding.android.NormalTheme")
                     A: android:resource(0x01010025)=@0x7f0c0001
                   E: intent-filter (line=64)
                     E: action (line=65)
                       A: android:name(0x01010003)="android.intent.action.MAIN" (Raw: "android.intent.action.MAIN")
                     E: category (line=67)
                       A: android:name(0x01010003)="android.intent.category.LAUNCHER" (Raw: "android.intent.category.LAUNCHER")
                 E: meta-data (line=74)
                   A: android:name(0x01010003)="flutterEmbedding" (Raw: "flutterEmbedding")
                   A: android:value(0x01010024)=(type 0x10)0x2
                 E: uses-library (line=78)
                   A: android:name(0x01010003)="androidx.window.extensions" (Raw: "androidx.window.extensions")
                   A: android:required(0x0101028e)=(type 0x12)0x0
                 E: uses-library (line=81)
                   A: android:name(0x01010003)="androidx.window.sidecar" (Raw: "androidx.window.sidecar")
                   A: android:required(0x0101028e)=(type 0x12)0x0
                 E: provider (line=85)
                   A: android:name(0x01010003)="androidx.startup.InitializationProvider" (Raw: "androidx.startup.InitializationProvider")
                   A: android:exported(0x01010010)=(type 0x12)0x0
                   A: android:authorities(0x01010018)="com.example.my_app.androidx-startup" (Raw: "com.example.my_app.androidx-startup")
                   E: meta-data (line=89)
                     A: android:name(0x01010003)="androidx.lifecycle.ProcessLifecycleInitializer" (Raw: "androidx.lifecycle.ProcessLifecycleInitializer")
                     A: android:value(0x01010024)="androidx.startup" (Raw: "androidx.startup")
                   E: meta-data (line=92)
                     A: android:name(0x01010003)="androidx.profileinstaller.ProfileInstallerInitializer" (Raw: "androidx.profileinstaller.ProfileInstallerInitializer")
                     A: android:value(0x01010024)="androidx.startup" (Raw: "androidx.startup")
                 E: receiver (line=97)
                   A: android:name(0x01010003)="androidx.profileinstaller.ProfileInstallReceiver" (Raw: "androidx.profileinstaller.ProfileInstallReceiver")
                   A: android:permission(0x01010006)="android.permission.DUMP" (Raw: "android.permission.DUMP")
                   A: android:enabled(0x0101000e)=(type 0x12)0xffffffff
                   A: android:exported(0x01010010)=(type 0x12)0xffffffff
                   A: android:directBootAware(0x01010505)=(type 0x12)0x0
                   E: intent-filter (line=103)
                     E: action (line=104)
                       A: android:name(0x01010003)="androidx.profileinstaller.action.INSTALL_PROFILE" (Raw: "androidx.profileinstaller.action.INSTALL_PROFILE")
                   E: intent-filter (line=106)
                     E: action (line=107)
                       A: android:name(0x01010003)="androidx.profileinstaller.action.SKIP_FILE" (Raw: "androidx.profileinstaller.action.SKIP_FILE")
                   E: intent-filter (line=109)
                     E: action (line=110)
                       A: android:name(0x01010003)="androidx.profileinstaller.action.SAVE_PROFILE" (Raw: "androidx.profileinstaller.action.SAVE_PROFILE")
                   E: intent-filter (line=112)
                     E: action (line=113)
                       A: android:name(0x01010003)="androidx.profileinstaller.action.BENCHMARK_OPERATION" (Raw: "androidx.profileinstaller.action.BENCHMARK_OPERATION")
[   +5 ms] Stopping app 'app-debug.apk' on sdk gphone64 x86 64.
[        ] executing: C:\Users\USER\AppData\Local\Android\sdk\platform-tools\adb.exe -s emulator-5554 shell am force-stop com.example.my_app
[ +181 ms] Installing APK.
[   +3 ms] Installing build\app\outputs\flutter-apk\app-debug.apk...
[        ] executing: C:\Users\USER\AppData\Local\Android\sdk\platform-tools\adb.exe -s emulator-5554 install -t -r C:\Users\USER\Desktop\my_app\build\app\outputs\flutter-apk\app-debug.apk
[+1879 ms] Performing Streamed Install
           Success
[   +2 ms] Installing build\app\outputs\flutter-apk\app-debug.apk... (completed in 1,880ms)
[   +2 ms] executing: C:\Users\USER\AppData\Local\Android\sdk\platform-tools\adb.exe -s emulator-5554 shell echo -n 47222a6430d574b4051a2b7156ef2ac74e285be2 > /data/local/tmp/sky.com.example.my_app.sha1
[ +127 ms] executing: C:\Users\USER\AppData\Local\Android\sdk\platform-tools\adb.exe -s emulator-5554 shell -x logcat -v time -t 1
[ +178 ms] --------- beginning of main
           11-20 07:25:53.630 I/faht    ( 1532): (REDACTED) O received %s
[  +20 ms] executing: C:\Users\USER\AppData\Local\Android\sdk\platform-tools\adb.exe -s emulator-5554 shell am start -a android.intent.action.MAIN -c android.intent.category.LAUNCHER -f 0x20000000 --ez enable-dart-profiling true --ez enable-checked-mode true --ez verify-entry-points true com.example.my_app/com.example.my_app.MainActivity
[ +180 ms] Starting: Intent { act=android.intent.action.MAIN cat=[android.intent.category.LAUNCHER] flg=0x20000000 cmp=com.example.my_app/.MainActivity (has extras) }
[        ] Waiting for VM Service port to be available...
[+2106 ms] D/FlutterJNI( 7712): Beginning load of flutter...
[ +142 ms] D/FlutterJNI( 7712): flutter (null) was loaded normally!
[ +905 ms] I/flutter ( 7712): [IMPORTANT:flutter/shell/platform/android/android_context_gl_impeller.cc(104)] Using the Impeller rendering backend (OpenGLES).
[ +365 ms] VM Service URL on device: http://127.0.0.1:35725/Xc7npCEBSuk=/
[   +1 ms] executing: C:\Users\USER\AppData\Local\Android\sdk\platform-tools\adb.exe -s emulator-5554 forward tcp:0 tcp:35725
[  +92 ms] 64489
[        ] Forwarded host port 64489 to device port 35725 for VM Service
[   +8 ms] Caching compiled dill
[  +50 ms] Connecting to service protocol: http://127.0.0.1:64489/Xc7npCEBSuk=/
[ +624 ms] Launching a Dart Developer Service (DDS) instance at http://127.0.0.1:0, connecting to VM service at http://127.0.0.1:64489/Xc7npCEBSuk=/.
[ +858 ms] Successfully connected to service protocol: http://127.0.0.1:64489/Xc7npCEBSuk=/
[ +118 ms] DevFS: Creating new filesystem on the device (null)
[  +68 ms] DevFS: Created new filesystem on the device (file:///data/user/0/com.example.my_app/code_cache/my_appMKBBRA/my_app/)
[   +3 ms] Updating assets
[ +170 ms] Manifest contained wildcard assets. Inserting missing file into build graph to force rerun. for more information see #56466.
[   +6 ms] Syncing files to device sdk gphone64 x86 64...
[   +4 ms] Compiling dart to kernel with 0 updated files
[        ] Processing bundle.
[   +2 ms] <- recompile package:my_app/main.dart e3c2f725-e9c4-40f5-857b-6484b0409678
[        ] <- e3c2f725-e9c4-40f5-857b-6484b0409678
[   +6 ms] Bundle processing done.
[  +84 ms] Updating files.
[        ] Pending asset builds completed. Writing dirty entries.
[        ] DevFS: Sync finished
[        ] Syncing files to device sdk gphone64 x86 64... (completed in 99ms)
[   +1 ms] Synced 0.0MB.
[   +2 ms] <- accept
[   +8 ms] Connected to _flutterView/0x77a16b4e7e60.
[   +6 ms] Flutter run key commands.
[   +1 ms] r Hot reload. 
[        ] R Hot restart.
[        ] h List all available interactive commands.
[        ] d Detach (terminate "flutter run" but leave application running).
[        ] c Clear the screen
[        ] q Quit (terminate the application on the device).
[   +1 ms] A Dart VM Service on sdk gphone64 x86 64 is available at: http://127.0.0.1:64495/f9-0vMDi6vE=/
[ +868 ms] The Flutter DevTools debugger and profiler on sdk gphone64 x86 64 is available at: http://127.0.0.1:9103?uri=http://127.0.0.1:64495/f9-0vMDi6vE=/
[  +17 ms] I/Choreographer( 7712): Skipped 148 frames!  The application may be doing too much work on its main thread.
[  +28 ms] I/.example.my_app( 7712): Compiler allocated 5042KB to compile void android.view.ViewRootImpl.performTraversals()
[  +48 ms] I/WindowExtensionsImpl( 7712): Initializing Window Extensions, vendor API level=9, activity embedding enabled=true
[+1031 ms] I/Choreographer( 7712): Skipped 54 frames!  The application may be doing too much work on its main thread.
[  +50 ms] D/WindowLayoutComponentImpl( 7712): Register WindowLayoutInfoListener on Context=com.example.my_app.MainActivity@c857d11, of which baseContext=android.app.ContextImpl@b128913
[ +198 ms] D/ProfileInstaller( 7712): Installing profile for com.example.my_app
[   +6 ms] D/InsetsController( 7712): hide(ime(), fromIme=false)
[        ] I/ImeTracker( 7712): com.example.my_app:d3b3729e: onCancelled at PHASE_CLIENT_ALREADY_HIDDEN
