[ +498 ms] Artifact Instance of 'MaterialFonts' is not required, skipping update.
[   +8 ms] Artifact Instance of 'GradleWrapper' is not required, skipping update.
[        ] Artifact Instance of 'AndroidGenSnapshotArtifacts' is not required, skipping update.
[   +1 ms] Artifact Instance of 'AndroidInternalBuildArtifacts' is not required, skipping update.
[        ] Artifact Instance of 'IOSEngineArtifacts' is not required, skipping update.
[        ] Artifact Instance of 'FlutterWebSdk' is not required, skipping update.
[   +1 ms] Artifact Instance of 'LegacyCanvasKitRemover' is not required, skipping update.
[        ] Artifact Instance of 'FlutterSdk' is not required, skipping update.
[        ] Artifact Instance of 'WindowsEngineArtifacts' is not required, skipping update.
[        ] Artifact Instance of 'MacOSEngineArtifacts' is not required, skipping update.
[        ] Artifact Instance of 'LinuxEngineArtifacts' is not required, skipping update.
[        ] Artifact Instance of 'LinuxFuchsiaSDKArtifacts' is not required, skipping update.
[        ] Artifact Instance of 'MacOSFuchsiaSDKArtifacts' is not required, skipping update.
[        ] Artifact Instance of 'FlutterRunnerSDKArtifacts' is not required, skipping update.
[   +1 ms] Artifact Instance of 'FlutterRunnerDebugSymbols' is not required, skipping update.
[        ] Artifact Instance of 'IosUsbArtifacts' is not required, skipping update.
[        ] Artifact Instance of 'IosUsbArtifacts' is not required, skipping update.
[        ] Artifact Instance of 'IosUsbArtifacts' is not required, skipping update.
[        ] Artifact Instance of 'IosUsbArtifacts' is not required, skipping update.
[        ] Artifact Instance of 'IosUsbArtifacts' is not required, skipping update.
[        ] Artifact Instance of 'IosUsbArtifacts' is not required, skipping update.
[        ] Artifact Instance of 'FontSubsetArtifacts' is not required, skipping update.
[        ] Artifact Instance of 'PubDependencies' is not required, skipping update.
[ +311 ms] Artifact Instance of 'AndroidGenSnapshotArtifacts' is not required, skipping update.
[        ] Artifact Instance of 'AndroidInternalBuildArtifacts' is not required, skipping update.
[        ] Artifact Instance of 'IOSEngineArtifacts' is not required, skipping update.
[        ] Artifact Instance of 'FlutterWebSdk' is not required, skipping update.
[        ] Artifact Instance of 'FlutterEngineStamp' is not required, skipping update.
[        ] Artifact Instance of 'LegacyCanvasKitRemover' is not required, skipping update.
[   +7 ms] Artifact Instance of 'WindowsEngineArtifacts' is not required, skipping update.
[        ] Artifact Instance of 'MacOSEngineArtifacts' is not required, skipping update.
[        ] Artifact Instance of 'LinuxEngineArtifacts' is not required, skipping update.
[        ] Artifact Instance of 'LinuxFuchsiaSDKArtifacts' is not required, skipping update.
[        ] Artifact Instance of 'MacOSFuchsiaSDKArtifacts' is not required, skipping update.
[        ] Artifact Instance of 'FlutterRunnerSDKArtifacts' is not required, skipping update.
[        ] Artifact Instance of 'FlutterRunnerDebugSymbols' is not required, skipping update.
[ +181 ms] executing: C:\Users\USER\AppData\Local\Android\sdk\platform-tools\adb.exe devices -l
[ +125 ms] List of devices attached
           emulator-5554          device product:sdk_gphone64_x86_64 model:sdk_gphone64_x86_64 device:emu64xa transport_id:3
[  +13 ms] C:\Users\USER\AppData\Local\Android\sdk\platform-tools\adb.exe -s emulator-5554 shell getprop
[ +152 ms] Artifact Instance of 'AndroidInternalBuildArtifacts' is not required, skipping update.
[        ] Artifact Instance of 'IOSEngineArtifacts' is not required, skipping update.
[        ] Artifact Instance of 'FlutterWebSdk' is not required, skipping update.
[        ] Artifact Instance of 'FlutterEngineStamp' is not required, skipping update.
[        ] Artifact Instance of 'LegacyCanvasKitRemover' is not required, skipping update.
[   +3 ms] Artifact Instance of 'WindowsEngineArtifacts' is not required, skipping update.
[        ] Artifact Instance of 'MacOSEngineArtifacts' is not required, skipping update.
[        ] Artifact Instance of 'LinuxEngineArtifacts' is not required, skipping update.
[        ] Artifact Instance of 'LinuxFuchsiaSDKArtifacts' is not required, skipping update.
[   +1 ms] Artifact Instance of 'MacOSFuchsiaSDKArtifacts' is not required, skipping update.
[        ] Artifact Instance of 'FlutterRunnerSDKArtifacts' is not required, skipping update.
[        ] Artifact Instance of 'FlutterRunnerDebugSymbols' is not required, skipping update.
[ +485 ms] Skipping pub get: version match.
[ +187 ms] Found plugin shared_preferences at C:\Users\USER\AppData\Local\Pub\Cache\hosted\pub.dev\shared_preferences-2.5.3\
[  +14 ms] Found plugin shared_preferences_windows at C:\Users\USER\AppData\Local\Pub\Cache\hosted\pub.dev\shared_preferences_windows-2.4.1\
[  +20 ms] Found plugin path_provider_windows at C:\Users\USER\AppData\Local\Pub\Cache\hosted\pub.dev\path_provider_windows-2.3.0\
[  +18 ms] Found plugin shared_preferences_web at C:\Users\USER\AppData\Local\Pub\Cache\hosted\pub.dev\shared_preferences_web-2.4.3\
[  +12 ms] Found plugin shared_preferences_linux at C:\Users\USER\AppData\Local\Pub\Cache\hosted\pub.dev\shared_preferences_linux-2.4.1\
[   +6 ms] Found plugin path_provider_linux at C:\Users\USER\AppData\Local\Pub\Cache\hosted\pub.dev\path_provider_linux-2.2.1\
[  +11 ms] Found plugin shared_preferences_foundation at C:\Users\USER\AppData\Local\Pub\Cache\hosted\pub.dev\shared_preferences_foundation-2.5.6\
[   +8 ms] Found plugin shared_preferences_android at C:\Users\USER\AppData\Local\Pub\Cache\hosted\pub.dev\shared_preferences_android-2.4.16\
[ +153 ms] Found plugin shared_preferences at C:\Users\USER\AppData\Local\Pub\Cache\hosted\pub.dev\shared_preferences-2.5.3\
[   +3 ms] Found plugin shared_preferences_windows at C:\Users\USER\AppData\Local\Pub\Cache\hosted\pub.dev\shared_preferences_windows-2.4.1\
[   +9 ms] Found plugin path_provider_windows at C:\Users\USER\AppData\Local\Pub\Cache\hosted\pub.dev\path_provider_windows-2.3.0\
[  +15 ms] Found plugin shared_preferences_web at C:\Users\USER\AppData\Local\Pub\Cache\hosted\pub.dev\shared_preferences_web-2.4.3\
[   +7 ms] Found plugin shared_preferences_linux at C:\Users\USER\AppData\Local\Pub\Cache\hosted\pub.dev\shared_preferences_linux-2.4.1\
[   +5 ms] Found plugin path_provider_linux at C:\Users\USER\AppData\Local\Pub\Cache\hosted\pub.dev\path_provider_linux-2.2.1\
[  +10 ms] Found plugin shared_preferences_foundation at C:\Users\USER\AppData\Local\Pub\Cache\hosted\pub.dev\shared_preferences_foundation-2.5.6\
[   +4 ms] Found plugin shared_preferences_android at C:\Users\USER\AppData\Local\Pub\Cache\hosted\pub.dev\shared_preferences_android-2.4.16\
[  +40 ms] Skipping generating web_plugin_registrant.dart because it is up-to-date.
[  +80 ms] Found plugin shared_preferences at C:\Users\USER\AppData\Local\Pub\Cache\hosted\pub.dev\shared_preferences-2.5.3\
[   +3 ms] Found plugin shared_preferences_windows at C:\Users\USER\AppData\Local\Pub\Cache\hosted\pub.dev\shared_preferences_windows-2.4.1\
[   +7 ms] Found plugin path_provider_windows at C:\Users\USER\AppData\Local\Pub\Cache\hosted\pub.dev\path_provider_windows-2.3.0\
[  +12 ms] Found plugin shared_preferences_web at C:\Users\USER\AppData\Local\Pub\Cache\hosted\pub.dev\shared_preferences_web-2.4.3\
[   +7 ms] Found plugin shared_preferences_linux at C:\Users\USER\AppData\Local\Pub\Cache\hosted\pub.dev\shared_preferences_linux-2.4.1\
[   +3 ms] Found plugin path_provider_linux at C:\Users\USER\AppData\Local\Pub\Cache\hosted\pub.dev\path_provider_linux-2.2.1\
[   +4 ms] Found plugin shared_preferences_foundation at C:\Users\USER\AppData\Local\Pub\Cache\hosted\pub.dev\shared_preferences_foundation-2.5.6\
[   +3 ms] Found plugin shared_preferences_android at C:\Users\USER\AppData\Local\Pub\Cache\hosted\pub.dev\shared_preferences_android-2.4.16\
[  +12 ms] Generating C:\Users\USER\Desktop\my_app\android\app\src\main\java\io\flutter\plugins\GeneratedPluginRegistrant.java
[   +4 ms] Skipping generating GeneratedPluginRegistrant.java because it is up-to-date.
[  +11 ms] Skipping generating generated_plugin_registrant.h because it is up-to-date.
[   +3 ms] Skipping generating generated_plugin_registrant.cc because it is up-to-date.
[   +3 ms] Skipping generating generated_plugins.cmake because it is up-to-date.
[   +4 ms] Skipping generating generated_plugin_registrant.h because it is up-to-date.
[   +2 ms] Skipping generating generated_plugin_registrant.cc because it is up-to-date.
[   +3 ms] Skipping generating generated_plugins.cmake because it is up-to-date.
[   +4 ms] Skipping generating GeneratedPluginRegistrant.h because it is up-to-date.
[   +4 ms] Skipping generating GeneratedPluginRegistrant.m because it is up-to-date.
[   +4 ms] Skipping generating GeneratedPluginRegistrant.swift because it is up-to-date.
[ +239 ms] ro.hardware = ranchu
[ +183 ms] Initializing file store
[  +36 ms] Skipping target: gen_localizations
[   +7 ms] gen_dart_plugin_registrant: Starting due to {InvalidatedReasonKind.inputChanged: The following inputs have updated contents: C:\Users\USER\Desktop\my_app\.dart_tool\package_config.json,C:\Users\USER\Desktop\my_app\.dart_tool\flutter_build\dart_plugin_registrant.dart}
[ +478 ms] Found plugin shared_preferences at C:\Users\USER\AppData\Local\Pub\Cache\hosted\pub.dev\shared_preferences-2.5.3\
[  +12 ms] Found plugin shared_preferences_windows at C:\Users\USER\AppData\Local\Pub\Cache\hosted\pub.dev\shared_preferences_windows-2.4.1\
[  +19 ms] Found plugin path_provider_windows at C:\Users\USER\AppData\Local\Pub\Cache\hosted\pub.dev\path_provider_windows-2.3.0\
[  +23 ms] Found plugin shared_preferences_web at C:\Users\USER\AppData\Local\Pub\Cache\hosted\pub.dev\shared_preferences_web-2.4.3\
[   +5 ms] Found plugin shared_preferences_linux at C:\Users\USER\AppData\Local\Pub\Cache\hosted\pub.dev\shared_preferences_linux-2.4.1\
[   +2 ms] Found plugin path_provider_linux at C:\Users\USER\AppData\Local\Pub\Cache\hosted\pub.dev\path_provider_linux-2.2.1\
[   +4 ms] Found plugin shared_preferences_foundation at C:\Users\USER\AppData\Local\Pub\Cache\hosted\pub.dev\shared_preferences_foundation-2.5.6\
[   +2 ms] Found plugin shared_preferences_android at C:\Users\USER\AppData\Local\Pub\Cache\hosted\pub.dev\shared_preferences_android-2.4.16\
[  +16 ms] Skipping generating dart_plugin_registrant.dart because it is up-to-date.
[        ] gen_dart_plugin_registrant: Complete
[   +5 ms] Skipping target: _composite
[   +3 ms] complete
[  +14 ms] Launching lib\main.dart on sdk gphone64 x86 64 in debug mode...
[   +7 ms] C:\src\flutter\bin\cache\dart-sdk\bin\dartaotruntime.exe C:\src\flutter\bin\cache\dart-sdk\bin\snapshots\frontend_server_aot.dart.snapshot --sdk-root C:\src\flutter\bin\cache\artifacts\engine\common\flutter_patched_sdk/ --incremental --target=flutter --experimental-emit-debug-metadata -DFLUTTER_VERSION=3.35.5 -DFLUTTER_CHANNEL=stable -DFLUTTER_GIT_URL=https://github.com/flutter/flutter.git -DFLUTTER_FRAMEWORK_REVISION=ac4e799d23 -DFLUTTER_ENGINE_REVISION=d3d45dcf25 -DFLUTTER_DART_VERSION=3.9.2 --output-dill C:\Users\USER\AppData\Local\Temp\flutter_tools.94619342\flutter_tool.3af041b7\app.dill --packages C:\Users\USER\Desktop\my_app\.dart_tool\package_config.json -Ddart.vm.profile=false -Ddart.vm.product=false --enable-asserts --track-widget-creation --filesystem-scheme org-dartlang-root --initialize-from-dill build\210bad4901163cba762d02a4a1c86c00.cache.dill.track.dill --source file:///C:/Users/USER/Desktop/my_app/.dart_tool/flutter_build/dart_plugin_registrant.dart --source package:flutter/src/dart_plugin_registrant.dart -Dflutter.dart_plugin_registrant=file:///C:/Users/USER/Desktop/my_app/.dart_tool/flutter_build/dart_plugin_registrant.dart --verbosity=error --enable-experiment=alternative-invalidation-strategy
[  +19 ms] executing: C:\Users\USER\AppData\Local\Android\sdk\build-tools\36.0.0\aapt dump xmltree C:\Users\USER\Desktop\my_app\build\app\outputs\flutter-apk\app-debug.apk AndroidManifest.xml
[  +93 ms] Exit code 0 from: C:\Users\USER\AppData\Local\Android\sdk\build-tools\36.0.0\aapt dump xmltree C:\Users\USER\Desktop\my_app\build\app\outputs\flutter-apk\app-debug.apk AndroidManifest.xml
[        ] N: android=http://schemas.android.com/apk/res/android
             E: manifest (line=2)
               A: android:versionCode(0x0101021b)=(type 0x10)0x1
               A: android:versionName(0x0101021c)="1.0.0" (Raw: "1.0.0")
               A: android:compileSdkVersion(0x01010572)=(type 0x10)0x24
               A: android:compileSdkVersionCodename(0x01010573)="16" (Raw: "16")
               A: package="com.example.my_app" (Raw: "com.example.my_app")
               A: platformBuildVersionCode=(type 0x10)0x24
               A: platformBuildVersionName=(type 0x10)0x10
               E: uses-sdk (line=7)
                 A: android:minSdkVersion(0x0101020c)=(type 0x10)0x18
                 A: android:targetSdkVersion(0x01010270)=(type 0x10)0x24
               E: uses-permission (line=15)
                 A: android:name(0x01010003)="android.permission.INTERNET" (Raw: "android.permission.INTERNET")
               E: queries (line=23)
                 E: intent (line=24)
                   E: action (line=25)
                     A: android:name(0x01010003)="android.intent.action.PROCESS_TEXT" (Raw: "android.intent.action.PROCESS_TEXT")
                   E: data (line=27)
                     A: android:mimeType(0x01010026)="text/plain" (Raw: "text/plain")
               E: permission (line=31)
                 A: android:name(0x01010003)="com.example.my_app.DYNAMIC_RECEIVER_NOT_EXPORTED_PERMISSION" (Raw: "com.example.my_app.DYNAMIC_RECEIVER_NOT_EXPORTED_PERMISSION")
                 A: android:protectionLevel(0x01010009)=(type 0x11)0x2
               E: uses-permission (line=35)
                 A: android:name(0x01010003)="com.example.my_app.DYNAMIC_RECEIVER_NOT_EXPORTED_PERMISSION" (Raw: "com.example.my_app.DYNAMIC_RECEIVER_NOT_EXPORTED_PERMISSION")
               E: application (line=37)
                 A: android:label(0x01010001)="my_app" (Raw: "my_app")
                 A: android:icon(0x01010002)=@0x7f0c0000
                 A: android:name(0x01010003)="android.app.Application" (Raw: "android.app.Application")
                 A: android:debuggable(0x0101000f)=(type 0x12)0xffffffff
                 A: android:extractNativeLibs(0x010104ea)=(type 0x12)0x0
                 A: android:appComponentFactory(0x0101057a)="androidx.core.app.CoreComponentFactory" (Raw: "androidx.core.app.CoreComponentFactory")
                 E: activity (line=44)
                   A: android:theme(0x01010000)=@0x7f0e00a2
                   A: android:name(0x01010003)="com.example.my_app.MainActivity" (Raw: "com.example.my_app.MainActivity")
                   A: android:exported(0x01010010)=(type 0x12)0xffffffff
                   A: android:taskAffinity(0x01010012)="" (Raw: "")
                   A: android:launchMode(0x0101001d)=(type 0x10)0x1
                   A: android:configChanges(0x0101001f)=(type 0x11)0x40003fb4
                   A: android:windowSoftInputMode(0x0101022b)=(type 0x11)0x10
                   A: android:hardwareAccelerated(0x010102d3)=(type 0x12)0xffffffff
                   E: meta-data (line=60)
                     A: android:name(0x01010003)="io.flutter.embedding.android.NormalTheme" (Raw: "io.flutter.embedding.android.NormalTheme")
                     A: android:resource(0x01010025)=@0x7f0e00a3
                   E: intent-filter (line=64)
                     E: action (line=65)
                       A: android:name(0x01010003)="android.intent.action.MAIN" (Raw: "android.intent.action.MAIN")
                     E: category (line=67)
                       A: android:name(0x01010003)="android.intent.category.LAUNCHER" (Raw: "android.intent.category.LAUNCHER")
                 E: meta-data (line=74)
                   A: android:name(0x01010003)="flutterEmbedding" (Raw: "flutterEmbedding")
                   A: android:value(0x01010024)=(type 0x10)0x2
                 E: uses-library (line=78)
                   A: android:name(0x01010003)="androidx.window.extensions" (Raw: "androidx.window.extensions")
                   A: android:required(0x0101028e)=(type 0x12)0x0
                 E: uses-library (line=81)
                   A: android:name(0x01010003)="androidx.window.sidecar" (Raw: "androidx.window.sidecar")
                   A: android:required(0x0101028e)=(type 0x12)0x0
                 E: provider (line=85)
                   A: android:name(0x01010003)="androidx.startup.InitializationProvider" (Raw: "androidx.startup.InitializationProvider")
                   A: android:exported(0x01010010)=(type 0x12)0x0
                   A: android:authorities(0x01010018)="com.example.my_app.androidx-startup" (Raw: "com.example.my_app.androidx-startup")
                   E: meta-data (line=89)
                     A: android:name(0x01010003)="androidx.lifecycle.ProcessLifecycleInitializer" (Raw: "androidx.lifecycle.ProcessLifecycleInitializer")
                     A: android:value(0x01010024)="androidx.startup" (Raw: "androidx.startup")
                   E: meta-data (line=92)
                     A: android:name(0x01010003)="androidx.profileinstaller.ProfileInstallerInitializer" (Raw: "androidx.profileinstaller.ProfileInstallerInitializer")
                     A: android:value(0x01010024)="androidx.startup" (Raw: "androidx.startup")
                 E: receiver (line=97)
                   A: android:name(0x01010003)="androidx.profileinstaller.ProfileInstallReceiver" (Raw: "androidx.profileinstaller.ProfileInstallReceiver")
                   A: android:permission(0x01010006)="android.permission.DUMP" (Raw: "android.permission.DUMP")
                   A: android:enabled(0x0101000e)=(type 0x12)0xffffffff
                   A: android:exported(0x01010010)=(type 0x12)0xffffffff
                   A: android:directBootAware(0x01010505)=(type 0x12)0x0
                   E: intent-filter (line=103)
                     E: action (line=104)
                       A: android:name(0x01010003)="androidx.profileinstaller.action.INSTALL_PROFILE" (Raw: "androidx.profileinstaller.action.INSTALL_PROFILE")
                   E: intent-filter (line=106)
                     E: action (line=107)
                       A: android:name(0x01010003)="androidx.profileinstaller.action.SKIP_FILE" (Raw: "androidx.profileinstaller.action.SKIP_FILE")
                   E: intent-filter (line=109)
                     E: action (line=110)
                       A: android:name(0x01010003)="androidx.profileinstaller.action.SAVE_PROFILE" (Raw: "androidx.profileinstaller.action.SAVE_PROFILE")
                   E: intent-filter (line=112)
                     E: action (line=113)
                       A: android:name(0x01010003)="androidx.profileinstaller.action.BENCHMARK_OPERATION" (Raw: "androidx.profileinstaller.action.BENCHMARK_OPERATION")
[  +10 ms] executing: C:\Users\USER\AppData\Local\Android\sdk\platform-tools\adb.exe -s emulator-5554 shell -x logcat -v time -t 1
[  +22 ms] <- compile package:my_app/main.dart
[ +214 ms] --------- beginning of main
           11-20 14:44:55.332 D/SatelliteController( 1071): iisInCarrierRoamingNbIotNtn: satellite is disabled
[  +24 ms] executing: C:\Users\USER\AppData\Local\Android\sdk\platform-tools\adb.exe version
[  +92 ms] Android Debug Bridge version 1.0.41
           Version 35.0.2-12147458
           Installed as C:\Users\USER\AppData\Local\Android\sdk\platform-tools\adb.exe
           Running on Windows 10.0.26100
[   +2 ms] executing: C:\Users\USER\AppData\Local\Android\sdk\platform-tools\adb.exe start-server
[  +88 ms] Building APK
[  +17 ms] executing: C:\Program Files\Android\Android Studio1\jbr\bin\java -version
[ +307 ms] Exit code 0 from: C:\Program Files\Android\Android Studio1\jbr\bin\java -version
[        ] openjdk version "21.0.6" 2025-01-21
           OpenJDK Runtime Environment (build 21.0.6+-13368085-b895.109)
           OpenJDK 64-Bit Server VM (build 21.0.6+-13368085-b895.109, mixed mode)
[   +2 ms] executing: C:\Program Files\Android\Android Studio1\jbr\bin\java -version
[ +564 ms] Exit code 0 from: C:\Program Files\Android\Android Studio1\jbr\bin\java -version
[        ] openjdk version "21.0.6" 2025-01-21
           OpenJDK Runtime Environment (build 21.0.6+-13368085-b895.109)
           OpenJDK 64-Bit Server VM (build 21.0.6+-13368085-b895.109, mixed mode)
[  +77 ms] Top-level Gradle build file not found, skipping migration of task "clean".
[  +28 ms] executing: C:\Program Files\Android\Android Studio1\jbr\bin\java --version
[ +518 ms] Exit code 0 from: C:\Program Files\Android\Android Studio1\jbr\bin\java --version
[        ] openjdk 21.0.6 2025-01-21
           OpenJDK Runtime Environment (build 21.0.6+-13368085-b895.109)
           OpenJDK 64-Bit Server VM (build 21.0.6+-13368085-b895.109, mixed mode)
[   +3 ms] Version of Java is different than impacted version, no migration attempted.
[  +28 ms] CMake project not found, skipping support Android 15 16k page size migration.
[  +11 ms] Using gradle from C:\Users\USER\Desktop\my_app\android\gradlew.bat.
[ +130 ms] LocalFile: 'C:\Users\USER\Desktop\my_app\android\build.gradle.kts' doesn't provide an AGP version. Checking settings.
[  +26 ms] LocalFile: 'C:\Users\USER\Desktop\my_app\android\settings.gradle.kts' provides AGP version: 8.9.1
[  +74 ms] Running Gradle task 'assembleDebug'...
[   +2 ms] executing: [C:\Users\USER\Desktop\my_app\android/] C:\Users\USER\Desktop\my_app\android\gradlew.bat --full-stacktrace --info -Pverbose=true -Ptarget-platform=android-x64 -Ptarget=C:\Users\USER\Desktop\my_app\lib\main.dart -Pbase-application-name=android.app.Application -Pdart-defines=RkxVVFRFUl9WRVJTSU9OPTMuMzUuNQ==,RkxVVFRFUl9DSEFOTkVMPXN0YWJsZQ==,RkxVVFRFUl9HSVRfVVJMPWh0dHBzOi8vZ2l0aHViLmNvbS9mbHV0dGVyL2ZsdXR0ZXIuZ2l0,RkxVVFRFUl9GUkFNRVdPUktfUkVWSVNJT049YWM0ZTc5OWQyMw==,RkxVVFRFUl9FTkdJTkVfUkVWSVNJT049ZDNkNDVkY2YyNQ==,RkxVVFRFUl9EQVJUX1ZFUlNJT049My45LjI= -Pdart-obfuscation=false -Ptrack-widget-creation=true -Ptree-shake-icons=false -Pfilesystem-scheme=org-dartlang-root assembleDebug
[+2938 ms] Initialized native services in: C:\Users\USER\.gradle\native
[   +4 ms] Initialized jansi services in: C:\Users\USER\.gradle\native
[+1537 ms] Removing 1 daemon stop events from registry
[        ] Starting a Gradle Daemon (subsequent builds will be faster)
[ +301 ms] Starting process 'Gradle build daemon'. Working directory: C:\Users\USER\.gradle\daemon\8.12 Command: C:\Program Files\Android\Android Studio1\jbr\bin\java.exe --add-opens=java.base/java.lang=ALL-UNNAMED --add-opens=java.base/java.lang.invoke=ALL-UNNAMED --add-opens=java.base/java.util=ALL-UNNAMED --add-opens=java.prefs/java.util.prefs=ALL-UNNAMED --add-exports=jdk.compiler/com.sun.tools.javac.api=ALL-UNNAMED --add-exports=jdk.compiler/com.sun.tools.javac.util=ALL-UNNAMED --add-opens=java.base/java.util=ALL-UNNAMED --add-opens=java.prefs/java.util.prefs=ALL-UNNAMED --add-opens=java.base/java.nio.charset=ALL-UNNAMED --add-opens=java.base/java.net=ALL-UNNAMED --add-opens=java.base/java.util.concurrent.atomic=ALL-UNNAMED --add-opens=java.xml/javax.xml.namespace=ALL-UNNAMED -XX:MaxMetaspaceSize=4G -XX:ReservedCodeCacheSize=512m -XX:+HeapDumpOnOutOfMemoryError -Xmx8G -Dfile.encoding=UTF-8 -Duser.country=CN -Duser.language=zh -Duser.variant -cp C:\Users\USER\.gradle\wrapper\dists\gradle-8.12-all\ejduaidbjup3bmmkhw3rie4zb\gradle-8.12\lib\gradle-daemon-main-8.12.jar -javaagent:C:\Users\USER\.gradle\wrapper\dists\gradle-8.12-all\ejduaidbjup3bmmkhw3rie4zb\gradle-8.12\lib\agents\gradle-instrumentation-agent-8.12.jar org.gradle.launcher.daemon.bootstrap.GradleDaemon 8.12
[        ] Successfully started process 'Gradle build daemon'
[+5303 ms] An attempt to start the daemon took 5.391 secs.
[ +385 ms] The client will now receive all logging from the daemon (pid: 29196). The daemon log file: C:\Users\USER\.gradle\daemon\8.12\daemon-29196.out.log
[        ] Starting build in new daemon [memory: 8 GiB]
[+1216 ms] Using 16 worker leases.
[ +993 ms] Received JVM installation metadata from 'C:\Program Files\Android\Android Studio1\jbr': {JAVA_HOME=C:\Program Files\Android\Android Studio1\jbr, JAVA_VERSION=21.0.6, JAVA_VENDOR=JetBrains s.r.o., RUNTIME_NAME=OpenJDK Runtime Environment, RUNTIME_VERSION=21.0.6+-13368085-b895.109, VM_NAME=OpenJDK 64-Bit Server VM, VM_VERSION=21.0.6+-13368085-b895.109, VM_VENDOR=JetBrains s.r.o., OS_ARCH=amd64}
[ +899 ms] Watching the file system is configured to be enabled if available
[   +1 ms] Now considering [C:\Users\USER\Desktop\my_app\android] as hierarchies to watch
[        ] File system watching is active
[+2389 ms] Starting Build
[+3108 ms] Now considering [C:\src\flutter\packages\flutter_tools\gradle, C:\Users\USER\Desktop\my_app\android] as hierarchies to watch
[+2425 ms] > Configure project :gradle
[        ] Evaluating project ':gradle' using build file 'C:\src\flutter\packages\flutter_tools\gradle\build.gradle.kts'.
[  +13 ms] Resolved plugin [id: 'org.gradle.java-gradle-plugin']
[        ] Resolved plugin [id: 'org.gradle.groovy']
[        ] Resolved plugin [id: 'org.gradle.kotlin.kotlin-dsl', version: '5.1.2']
[        ] Resolved plugin [id: 'org.jetbrains.kotlin.jvm', version: '1.9.20']
[+4550 ms] Using Kotlin Gradle Plugin gradle85 variant
[+1609 ms] kotlin scripting plugin: created the scripting discovery configuration: kotlinScriptDef
[        ] kotlin scripting plugin: created the scripting discovery configuration: testKotlinScriptDef
[ +688 ms] file or directory 'C:\src\flutter\packages\flutter_tools\gradle\src\main\java', not found
[+1480 ms] Resolved plugin [id: 'dev.flutter.flutter-plugin-loader', version: '1.0.0']
[ +136 ms] Resolved plugin [id: 'com.android.application', version: '8.9.1', apply: false]
[   +1 ms] Resolved plugin [id: 'org.jetbrains.kotlin.android', version: '2.1.0', apply: false]
[+1080 ms] Resolve mutations for :gradle:checkKotlinGradlePluginConfigurationErrors (Thread[#116,Execution worker,5,main]) started.
[        ] :gradle:checkKotlinGradlePluginConfigurationErrors (Thread[#116,Execution worker,5,main]) started.
[ +122 ms] > Task :gradle:checkKotlinGradlePluginConfigurationErrors SKIPPED
[        ] Skipping task ':gradle:checkKotlinGradlePluginConfigurationErrors' as task onlyIf 'errorDiagnostics are present' is false.
[   +4 ms] Resolve mutations for :gradle:compileKotlin (Thread[#116,Execution worker,5,main]) started.
[  +71 ms] :gradle:compileKotlin (Thread[#115,included builds,5,main]) started.
[+1514 ms] > Task :gradle:compileKotlin UP-TO-DATE
[        ] Caching disabled for task ':gradle:compileKotlin' because:
[        ]   Build cache is disabled
[        ] Skipping task ':gradle:compileKotlin' as it is up-to-date.
[   +3 ms] Resolve mutations for :gradle:compileJava (Thread[#115,included builds,5,main]) started.
[        ] :gradle:compileJava (Thread[#123,Execution worker Thread 8,5,main]) started.
[  +85 ms] > Task :gradle:compileJava NO-SOURCE
[   +2 ms] Skipping task ':gradle:compileJava' as it has no source files and no previous output files.
[   +1 ms] Resolve mutations for :gradle:compileGroovy (Thread[#123,Execution worker Thread 8,5,main]) started.
[        ] :gradle:compileGroovy (Thread[#123,Execution worker Thread 8,5,main]) started.
[        ] > Task :gradle:compileGroovy NO-SOURCE
[        ] Skipping task ':gradle:compileGroovy' as it has no source files and no previous output files.
[   +1 ms] Resolve mutations for :gradle:pluginDescriptors (Thread[#123,Execution worker Thread 8,5,main]) started.
[        ] :gradle:pluginDescriptors (Thread[#115,included builds,5,main]) started.
[   +2 ms] > Task :gradle:pluginDescriptors UP-TO-DATE
[        ] Caching disabled for task ':gradle:pluginDescriptors' because:
[        ]   Build cache is disabled
[        ]   Not worth caching
[        ] Skipping task ':gradle:pluginDescriptors' as it is up-to-date.
[        ] Resolve mutations for :gradle:processResources (Thread[#115,included builds,5,main]) started.
[   +7 ms] :gradle:processResources (Thread[#115,included builds,5,main]) started.
[        ] > Task :gradle:processResources UP-TO-DATE
[        ] Caching disabled for task ':gradle:processResources' because:
[        ]   Build cache is disabled
[        ]   Not worth caching
[        ] Skipping task ':gradle:processResources' as it is up-to-date.
[        ] Resolve mutations for :gradle:classes (Thread[#115,included builds,5,main]) started.
[        ] :gradle:classes (Thread[#115,included builds,5,main]) started.
[        ] > Task :gradle:classes UP-TO-DATE
[   +2 ms] Skipping task ':gradle:classes' as it has no actions.
[        ] Resolve mutations for :gradle:jar (Thread[#115,included builds,5,main]) started.
[        ] :gradle:jar (Thread[#123,Execution worker Thread 8,5,main]) started.
[  +70 ms] > Task :gradle:jar UP-TO-DATE
[   +6 ms] Caching disabled for task ':gradle:jar' because:
[   +2 ms]   Build cache is disabled
[        ]   Not worth caching
[   +2 ms] Skipping task ':gradle:jar' as it is up-to-date.
[+4591 ms] Settings evaluated using settings file 'C:\Users\USER\Desktop\my_app\android\settings.gradle.kts'.
[        ] Projects loaded. Root project using build file 'C:\Users\USER\Desktop\my_app\android\build.gradle.kts'.
[  +15 ms] Included projects: [root project 'android', project ':app', project ':shared_preferences_android']
[+1984 ms] > Configure project :
[        ] Evaluating root project 'android' using build file 'C:\Users\USER\Desktop\my_app\android\build.gradle.kts'.
[+6499 ms] > Configure project :app
[        ] Evaluating project ':app' using build file 'C:\Users\USER\Desktop\my_app\android\app\build.gradle.kts'.
[        ] Resolved plugin [id: 'com.android.application']
[        ] Resolved plugin [id: 'kotlin-android']
[        ] Resolved plugin [id: 'dev.flutter.flutter-gradle-plugin']
[        ] Using default execution profile
[        ] Using Kotlin Gradle Plugin gradle85 variant
[        ] C/C++: android.ndkVersion from module build.gradle is [27.0.12077973]
[        ] C/C++: android.ndkPath from module build.gradle is not set
[        ] C/C++: ndk.dir in local.properties is not set
[        ] C/C++: Not considering ANDROID_NDK_HOME because support was removed after deprecation period.
[        ] C/C++: sdkFolder is C:\Users\USER\AppData\Local\Android\sdk
[        ] C/C++: android.ndkVersion from module build.gradle is [27.0.12077973]
[        ] C/C++: android.ndkPath from module build.gradle is not set
[        ] C/C++: ndk.dir in local.properties is not set
[        ] C/C++: Not considering ANDROID_NDK_HOME because support was removed after deprecation period.
[        ] C/C++: sdkFolder is C:\Users\USER\AppData\Local\Android\sdk
[        ] C/C++: android.ndkVersion from module build.gradle is [27.0.12077973]
[        ] C/C++: android.ndkPath from module build.gradle is not set
[        ] C/C++: ndk.dir in local.properties is not set
[        ] C/C++: Not considering ANDROID_NDK_HOME because support was removed after deprecation period.
[        ] C/C++: sdkFolder is C:\Users\USER\AppData\Local\Android\sdk
[        ] C/C++: android.ndkVersion from module build.gradle is [27.0.12077973]
[        ] C/C++: android.ndkPath from module build.gradle is not set
[        ] C/C++: ndk.dir in local.properties is not set
[        ] C/C++: Not considering ANDROID_NDK_HOME because support was removed after deprecation period.
[        ] C/C++: sdkFolder is C:\Users\USER\AppData\Local\Android\sdk
[        ] C/C++: android.ndkVersion from module build.gradle is [27.0.12077973]
[        ] C/C++: android.ndkPath from module build.gradle is not set
[        ] C/C++: ndk.dir in local.properties is not set
[        ] C/C++: Not considering ANDROID_NDK_HOME because support was removed after deprecation period.
[        ] C/C++: sdkFolder is C:\Users\USER\AppData\Local\Android\sdk
[        ] C/C++: android.ndkVersion from module build.gradle is [27.0.12077973]
[        ] C/C++: android.ndkPath from module build.gradle is not set
[        ] C/C++: ndk.dir in local.properties is not set
[        ] C/C++: Not considering ANDROID_NDK_HOME because support was removed after deprecation period.
[        ] C/C++: sdkFolder is C:\Users\USER\AppData\Local\Android\sdk
[        ] C/C++: android.ndkVersion from module build.gradle is [27.0.12077973]
[        ] C/C++: android.ndkPath from module build.gradle is not set
[        ] C/C++: ndk.dir in local.properties is not set
[        ] C/C++: Not considering ANDROID_NDK_HOME because support was removed after deprecation period.
[        ] C/C++: sdkFolder is C:\Users\USER\AppData\Local\Android\sdk
[        ] C/C++: android.ndkVersion from module build.gradle is [27.0.12077973]
[        ] C/C++: android.ndkPath from module build.gradle is not set
[        ] C/C++: ndk.dir in local.properties is not set
[        ] C/C++: Not considering ANDROID_NDK_HOME because support was removed after deprecation period.
[        ] C/C++: sdkFolder is C:\Users\USER\AppData\Local\Android\sdk
[        ] C/C++: android.ndkVersion from module build.gradle is [27.0.12077973]
[        ] C/C++: android.ndkPath from module build.gradle is not set
[        ] C/C++: ndk.dir in local.properties is not set
[        ] C/C++: Not considering ANDROID_NDK_HOME because support was removed after deprecation period.
[        ] C/C++: sdkFolder is C:\Users\USER\AppData\Local\Android\sdk
[        ] C/C++: android.ndkVersion from module build.gradle is [27.0.12077973]
[        ] C/C++: android.ndkPath from module build.gradle is not set
[        ] C/C++: ndk.dir in local.properties is not set
[        ] C/C++: Not considering ANDROID_NDK_HOME because support was removed after deprecation period.
[        ] C/C++: sdkFolder is C:\Users\USER\AppData\Local\Android\sdk
[        ] C/C++: android.ndkVersion from module build.gradle is [27.0.12077973]
[        ] C/C++: android.ndkPath from module build.gradle is not set
[        ] C/C++: ndk.dir in local.properties is not set
[        ] C/C++: Not considering ANDROID_NDK_HOME because support was removed after deprecation period.
[        ] C/C++: sdkFolder is C:\Users\USER\AppData\Local\Android\sdk
[        ] C/C++: android.ndkVersion from module build.gradle is [27.0.12077973]
[        ] C/C++: android.ndkPath from module build.gradle is not set
[        ] C/C++: ndk.dir in local.properties is not set
[        ] C/C++: Not considering ANDROID_NDK_HOME because support was removed after deprecation period.
[        ] C/C++: sdkFolder is C:\Users\USER\AppData\Local\Android\sdk
[        ] C/C++: android.ndkVersion from module build.gradle is [27.0.12077973]
[        ] C/C++: android.ndkPath from module build.gradle is not set
[        ] C/C++: ndk.dir in local.properties is not set
[        ] C/C++: Not considering ANDROID_NDK_HOME because support was removed after deprecation period.
[        ] C/C++: sdkFolder is C:\Users\USER\AppData\Local\Android\sdk
[        ] C/C++: android.ndkVersion from module build.gradle is [27.0.12077973]
[        ] C/C++: android.ndkPath from module build.gradle is not set
[        ] C/C++: ndk.dir in local.properties is not set
[        ] C/C++: Not considering ANDROID_NDK_HOME because support was removed after deprecation period.
[        ] C/C++: sdkFolder is C:\Users\USER\AppData\Local\Android\sdk
[        ] C/C++: android.ndkVersion from module build.gradle is [27.0.12077973]
[        ] C/C++: android.ndkPath from module build.gradle is not set
[        ] C/C++: ndk.dir in local.properties is not set
[        ] C/C++: Not considering ANDROID_NDK_HOME because support was removed after deprecation period.
[        ] C/C++: sdkFolder is C:\Users\USER\AppData\Local\Android\sdk
[        ] C/C++: android.ndkVersion from module build.gradle is [27.0.12077973]
[        ] C/C++: android.ndkPath from module build.gradle is not set
[        ] C/C++: ndk.dir in local.properties is not set
[        ] C/C++: Not considering ANDROID_NDK_HOME because support was removed after deprecation period.
[        ] C/C++: sdkFolder is C:\Users\USER\AppData\Local\Android\sdk
[        ] C/C++: android.ndkVersion from module build.gradle is [27.0.12077973]
[        ] C/C++: android.ndkPath from module build.gradle is not set
[        ] C/C++: ndk.dir in local.properties is not set
[        ] C/C++: Not considering ANDROID_NDK_HOME because support was removed after deprecation period.
[   +1 ms] C/C++: sdkFolder is C:\Users\USER\AppData\Local\Android\sdk
[        ] C/C++: android.ndkVersion from module build.gradle is [27.0.12077973]
[        ] C/C++: android.ndkPath from module build.gradle is not set
[        ] C/C++: ndk.dir in local.properties is not set
[        ] C/C++: Not considering ANDROID_NDK_HOME because support was removed after deprecation period.
[        ] C/C++: sdkFolder is C:\Users\USER\AppData\Local\Android\sdk
[        ] C/C++: android.ndkVersion from module build.gradle is [27.0.12077973]
[        ] C/C++: android.ndkPath from module build.gradle is not set
[        ] C/C++: ndk.dir in local.properties is not set
[        ] C/C++: Not considering ANDROID_NDK_HOME because support was removed after deprecation period.
[        ] C/C++: sdkFolder is C:\Users\USER\AppData\Local\Android\sdk
[+1979 ms] > Configure project :shared_preferences_android
[        ] Evaluating project ':shared_preferences_android' using build file 'C:\Users\USER\AppData\Local\Pub\Cache\hosted\pub.dev\shared_preferences_android-2.4.16\android\build.gradle'.
[        ] Using default execution profile
[        ] Using Kotlin Gradle Plugin gradle85 variant
[        ] All projects evaluated.
[ +105 ms] Task name matched 'assembleDebug'
[        ] Selected primary task 'assembleDebug' from project :
[+1901 ms] Adding -Xuse-inline-scopes-numbers Kotlin compiler flag for task :app:compileDebugKotlin
